# JRE version: OpenJDK Runtime Environment Temurin-21.0.6+7 (21.0.6+7) (build 21.0.6+7-LTS)
# Java VM: OpenJDK 64-Bit Server VM Temurin-21.0.6+7 (21.0.6+7-LTS, mixed mode, sharing, tiered, compressed oops, compressed class ptrs, parallel gc, windows-amd64)
GC Precious Log:
 CardTable entry size: 512
 CPUs: 12 total, 12 available
 Memory: 15773M
 Large Page Support: Disabled
 NUMA Support: Disabled
 Compressed Oops: Enabled (32-bit)
 Alignments: Space 512K, Generation 512K, Heap 2M
 Heap Min Capacity: 100M
 Heap Initial Capacity: 100M
 Heap Max Capacity: 1G
 Pre-touch: Disabled
 Parallel Workers: 10
Heap:
 PSYoungGen      total 2560K, used 1325K [0x00000000eab00000, 0x00000000eaf00000, 0x0000000100000000)
  eden space 2048K, 50% used [0x00000000eab00000,0x00000000eac034e0,0x00000000ead00000)
  from space 512K, 56% used [0x00000000eae80000,0x00000000eaec8000,0x00000000eaf00000)
  to   space 512K, 0% used [0x00000000eae00000,0x00000000eae00000,0x00000000eae80000)
 ParOldGen       total 442880K, used 215240K [0x00000000c0000000, 0x00000000db080000, 0x00000000eab00000)
  object space 442880K, 48% used [0x00000000c0000000,0x00000000cd232260,0x00000000db080000)
 Metaspace       used 71208K, committed 72640K, reserved 1114112K
  class space    used 8594K, committed 9216K, reserved 1048576K
GC Heap History (20 events):
Event: 115.600 GC heap before
{Heap before GC invocations=624 (full 3):
 PSYoungGen      total 1536K, used 1184K [0x00000000eab00000, 0x00000000eaf80000, 0x0000000100000000)
  eden space 1024K, 100% used [0x00000000eab00000,0x00000000eac00000,0x00000000eac00000)
  from space 512K, 31% used [0x00000000eaf00000,0x00000000eaf28000,0x00000000eaf80000)
  to   space 512K, 0% used [0x00000000eae80000,0x00000000eae80000,0x00000000eaf00000)
 ParOldGen       total 442880K, used 212895K [0x00000000c0000000, 0x00000000db080000, 0x00000000eab00000)
  object space 442880K, 48% used [0x00000000c0000000,0x00000000ccfe7d60,0x00000000db080000)
 Metaspace       used 69847K, committed 71296K, reserved 1114112K
  class space    used 8426K, committed 9088K, reserved 1048576K
}
Event: 115.601 GC heap after
{Heap after GC invocations=624 (full 3):
 PSYoungGen      total 1536K, used 160K [0x00000000eab00000, 0x00000000eaf80000, 0x0000000100000000)
  eden space 1024K, 0% used [0x00000000eab00000,0x00000000eab00000,0x00000000eac00000)
  from space 512K, 31% used [0x00000000eae80000,0x00000000eaea8000,0x00000000eaf00000)
  to   space 512K, 0% used [0x00000000eaf00000,0x00000000eaf00000,0x00000000eaf80000)
 ParOldGen       total 442880K, used 212927K [0x00000000c0000000, 0x00000000db080000, 0x00000000eab00000)
  object space 442880K, 48% used [0x00000000c0000000,0x00000000ccfefd60,0x00000000db080000)
 Metaspace       used 69847K, committed 71296K, reserved 1114112K
  class space    used 8426K, committed 9088K, reserved 1048576K
}
Event: 115.644 GC heap before
{Heap before GC invocations=625 (full 3):
 PSYoungGen      total 1536K, used 1184K [0x00000000eab00000, 0x00000000eaf80000, 0x0000000100000000)
  eden space 1024K, 100% used [0x00000000eab00000,0x00000000eac00000,0x00000000eac00000)
  from space 512K, 31% used [0x00000000eae80000,0x00000000eaea8000,0x00000000eaf00000)
  to   space 512K, 0% used [0x00000000eaf00000,0x00000000eaf00000,0x00000000eaf80000)
 ParOldGen       total 442880K, used 212927K [0x00000000c0000000, 0x00000000db080000, 0x00000000eab00000)
  object space 442880K, 48% used [0x00000000c0000000,0x00000000ccfefd60,0x00000000db080000)
 Metaspace       used 70058K, committed 71488K, reserved 1114112K
  class space    used 8459K, committed 9088K, reserved 1048576K
}
Event: 115.646 GC heap after
{Heap after GC invocations=625 (full 3):
 PSYoungGen      total 1536K, used 288K [0x00000000eab00000, 0x00000000eaf80000, 0x0000000100000000)
  eden space 1024K, 0% used [0x00000000eab00000,0x00000000eab00000,0x00000000eac00000)
  from space 512K, 56% used [0x00000000eaf00000,0x00000000eaf48000,0x00000000eaf80000)
  to   space 512K, 0% used [0x00000000eae80000,0x00000000eae80000,0x00000000eaf00000)
 ParOldGen       total 442880K, used 212967K [0x00000000c0000000, 0x00000000db080000, 0x00000000eab00000)
  object space 442880K, 48% used [0x00000000c0000000,0x00000000ccff9d60,0x00000000db080000)
 Metaspace       used 70058K, committed 71488K, reserved 1114112K
  class space    used 8459K, committed 9088K, reserved 1048576K
}
Event: 115.782 GC heap before
{Heap before GC invocations=626 (full 3):
 PSYoungGen      total 1536K, used 1312K [0x00000000eab00000, 0x00000000eaf80000, 0x0000000100000000)
  eden space 1024K, 100% used [0x00000000eab00000,0x00000000eac00000,0x00000000eac00000)
  from space 512K, 56% used [0x00000000eaf00000,0x00000000eaf48000,0x00000000eaf80000)
  to   space 512K, 0% used [0x00000000eae80000,0x00000000eae80000,0x00000000eaf00000)
 ParOldGen       total 442880K, used 212967K [0x00000000c0000000, 0x00000000db080000, 0x00000000eab00000)
  object space 442880K, 48% used [0x00000000c0000000,0x00000000ccff9d60,0x00000000db080000)
 Metaspace       used 70245K, committed 71616K, reserved 1114112K
  class space    used 8477K, committed 9088K, reserved 1048576K
}
Event: 115.783 GC heap after
{Heap after GC invocations=626 (full 3):
 PSYoungGen      total 1536K, used 256K [0x00000000eab00000, 0x00000000eaf80000, 0x0000000100000000)
  eden space 1024K, 0% used [0x00000000eab00000,0x00000000eab00000,0x00000000eac00000)
  from space 512K, 50% used [0x00000000eae80000,0x00000000eaec0000,0x00000000eaf00000)
  to   space 512K, 0% used [0x00000000eaf00000,0x00000000eaf00000,0x00000000eaf80000)
 ParOldGen       total 442880K, used 213039K [0x00000000c0000000, 0x00000000db080000, 0x00000000eab00000)
  object space 442880K, 48% used [0x00000000c0000000,0x00000000cd00bd60,0x00000000db080000)
 Metaspace       used 70245K, committed 71616K, reserved 1114112K
  class space    used 8477K, committed 9088K, reserved 1048576K
}
Event: 117.590 GC heap before
{Heap before GC invocations=627 (full 3):
 PSYoungGen      total 1536K, used 1280K [0x00000000eab00000, 0x00000000eaf80000, 0x0000000100000000)
  eden space 1024K, 100% used [0x00000000eab00000,0x00000000eac00000,0x00000000eac00000)
  from space 512K, 50% used [0x00000000eae80000,0x00000000eaec0000,0x00000000eaf00000)
  to   space 512K, 0% used [0x00000000eaf00000,0x00000000eaf00000,0x00000000eaf80000)
 ParOldGen       total 442880K, used 213039K [0x00000000c0000000, 0x00000000db080000, 0x00000000eab00000)
  object space 442880K, 48% used [0x00000000c0000000,0x00000000cd00bd60,0x00000000db080000)
 Metaspace       used 70322K, committed 71680K, reserved 1114112K
  class space    used 8489K, committed 9088K, reserved 1048576K
}
Event: 117.592 GC heap after
{Heap after GC invocations=627 (full 3):
 PSYoungGen      total 1536K, used 224K [0x00000000eab00000, 0x00000000eaf80000, 0x0000000100000000)
  eden space 1024K, 0% used [0x00000000eab00000,0x00000000eab00000,0x00000000eac00000)
  from space 512K, 43% used [0x00000000eaf00000,0x00000000eaf38000,0x00000000eaf80000)
  to   space 512K, 0% used [0x00000000eae80000,0x00000000eae80000,0x00000000eaf00000)
 ParOldGen       total 442880K, used 213103K [0x00000000c0000000, 0x00000000db080000, 0x00000000eab00000)
  object space 442880K, 48% used [0x00000000c0000000,0x00000000cd01bd60,0x00000000db080000)
 Metaspace       used 70322K, committed 71680K, reserved 1114112K
  class space    used 8489K, committed 9088K, reserved 1048576K
}
Event: 117.634 GC heap before
{Heap before GC invocations=628 (full 3):
 PSYoungGen      total 1536K, used 1248K [0x00000000eab00000, 0x00000000eaf80000, 0x0000000100000000)
  eden space 1024K, 100% used [0x00000000eab00000,0x00000000eac00000,0x00000000eac00000)
  from space 512K, 43% used [0x00000000eaf00000,0x00000000eaf38000,0x00000000eaf80000)
  to   space 512K, 0% used [0x00000000eae80000,0x00000000eae80000,0x00000000eaf00000)
 ParOldGen       total 442880K, used 213103K [0x00000000c0000000, 0x00000000db080000, 0x00000000eab00000)
  object space 442880K, 48% used [0x00000000c0000000,0x00000000cd01bd60,0x00000000db080000)
 Metaspace       used 70550K, committed 72064K, reserved 1114112K
  class space    used 8507K, committed 9152K, reserved 1048576K
}
Event: 117.636 GC heap after
{Heap after GC invocations=628 (full 3):
 PSYoungGen      total 1536K, used 320K [0x00000000eab00000, 0x00000000eaf80000, 0x0000000100000000)
  eden space 1024K, 0% used [0x00000000eab00000,0x00000000eab00000,0x00000000eac00000)
  from space 512K, 62% used [0x00000000eae80000,0x00000000eaed0000,0x00000000eaf00000)
  to   space 512K, 0% used [0x00000000eaf00000,0x00000000eaf00000,0x00000000eaf80000)
 ParOldGen       total 442880K, used 213191K [0x00000000c0000000, 0x00000000db080000, 0x00000000eab00000)
  object space 442880K, 48% used [0x00000000c0000000,0x00000000cd031d60,0x00000000db080000)
 Metaspace       used 70550K, committed 72064K, reserved 1114112K
  class space    used 8507K, committed 9152K, reserved 1048576K
}
Event: 117.762 GC heap before
{Heap before GC invocations=629 (full 3):
 PSYoungGen      total 1536K, used 1329K [0x00000000eab00000, 0x00000000eaf80000, 0x0000000100000000)
  eden space 1024K, 98% used [0x00000000eab00000,0x00000000eabfc408,0x00000000eac00000)
  from space 512K, 62% used [0x00000000eae80000,0x00000000eaed0000,0x00000000eaf00000)
  to   space 512K, 0% used [0x00000000eaf00000,0x00000000eaf00000,0x00000000eaf80000)
 ParOldGen       total 442880K, used 213191K [0x00000000c0000000, 0x00000000db080000, 0x00000000eab00000)
  object space 442880K, 48% used [0x00000000c0000000,0x00000000cd031d60,0x00000000db080000)
 Metaspace       used 70705K, committed 72192K, reserved 1114112K
  class space    used 8525K, committed 9152K, reserved 1048576K
}
Event: 117.765 GC heap after
{Heap after GC invocations=629 (full 3):
 PSYoungGen      total 1536K, used 384K [0x00000000eab00000, 0x00000000eaf80000, 0x0000000100000000)
  eden space 1024K, 0% used [0x00000000eab00000,0x00000000eab00000,0x00000000eac00000)
  from space 512K, 75% used [0x00000000eaf00000,0x00000000eaf60050,0x00000000eaf80000)
  to   space 512K, 0% used [0x00000000eae80000,0x00000000eae80000,0x00000000eaf00000)
 ParOldGen       total 442880K, used 213343K [0x00000000c0000000, 0x00000000db080000, 0x00000000eab00000)
  object space 442880K, 48% used [0x00000000c0000000,0x00000000cd057d60,0x00000000db080000)
 Metaspace       used 70705K, committed 72192K, reserved 1114112K
  class space    used 8525K, committed 9152K, reserved 1048576K
}
Event: 117.766 GC heap before
{Heap before GC invocations=630 (full 3):
 PSYoungGen      total 1536K, used 1359K [0x00000000eab00000, 0x00000000eaf80000, 0x0000000100000000)
  eden space 1024K, 95% used [0x00000000eab00000,0x00000000eabf3e20,0x00000000eac00000)
  from space 512K, 75% used [0x00000000eaf00000,0x00000000eaf60050,0x00000000eaf80000)
  to   space 512K, 0% used [0x00000000eae80000,0x00000000eae80000,0x00000000eaf00000)
 ParOldGen       total 442880K, used 213343K [0x00000000c0000000, 0x00000000db080000, 0x00000000eab00000)
  object space 442880K, 48% used [0x00000000c0000000,0x00000000cd057d60,0x00000000db080000)
 Metaspace       used 70705K, committed 72192K, reserved 1114112K
  class space    used 8525K, committed 9152K, reserved 1048576K
}
Event: 117.768 GC heap after
{Heap after GC invocations=630 (full 3):
 PSYoungGen      total 1536K, used 482K [0x00000000eab00000, 0x00000000eb000000, 0x0000000100000000)
  eden space 1024K, 0% used [0x00000000eab00000,0x00000000eab00000,0x00000000eac00000)
  from space 512K, 94% used [0x00000000eae80000,0x00000000eaef8a80,0x00000000eaf00000)
  to   space 1024K, 0% used [0x00000000eaf00000,0x00000000eaf00000,0x00000000eb000000)
 ParOldGen       total 442880K, used 214452K [0x00000000c0000000, 0x00000000db080000, 0x00000000eab00000)
  object space 442880K, 48% used [0x00000000c0000000,0x00000000cd16d2c0,0x00000000db080000)
 Metaspace       used 70705K, committed 72192K, reserved 1114112K
  class space    used 8525K, committed 9152K, reserved 1048576K
}
Event: 117.770 GC heap before
{Heap before GC invocations=631 (full 3):
 PSYoungGen      total 1536K, used 1506K [0x00000000eab00000, 0x00000000eb000000, 0x0000000100000000)
  eden space 1024K, 100% used [0x00000000eab00000,0x00000000eac00000,0x00000000eac00000)
  from space 512K, 94% used [0x00000000eae80000,0x00000000eaef8a80,0x00000000eaf00000)
  to   space 1024K, 0% used [0x00000000eaf00000,0x00000000eaf00000,0x00000000eb000000)
 ParOldGen       total 442880K, used 214452K [0x00000000c0000000, 0x00000000db080000, 0x00000000eab00000)
  object space 442880K, 48% used [0x00000000c0000000,0x00000000cd16d2c0,0x00000000db080000)
 Metaspace       used 70705K, committed 72192K, reserved 1114112K
  class space    used 8525K, committed 9152K, reserved 1048576K
}
Event: 117.774 GC heap after
{Heap after GC invocations=631 (full 3):
 PSYoungGen      total 2560K, used 835K [0x00000000eab00000, 0x00000000eb000000, 0x0000000100000000)
  eden space 1536K, 0% used [0x00000000eab00000,0x00000000eab00000,0x00000000eac80000)
  from space 1024K, 81% used [0x00000000eaf00000,0x00000000eafd0f80,0x00000000eb000000)
  to   space 1536K, 0% used [0x00000000ead00000,0x00000000ead00000,0x00000000eae80000)
 ParOldGen       total 442880K, used 214871K [0x00000000c0000000, 0x00000000db080000, 0x00000000eab00000)
  object space 442880K, 48% used [0x00000000c0000000,0x00000000cd1d5d28,0x00000000db080000)
 Metaspace       used 70705K, committed 72192K, reserved 1114112K
  class space    used 8525K, committed 9152K, reserved 1048576K
}
Event: 117.800 GC heap before
{Heap before GC invocations=632 (full 3):
 PSYoungGen      total 2560K, used 2371K [0x00000000eab00000, 0x00000000eb000000, 0x0000000100000000)
  eden space 1536K, 100% used [0x00000000eab00000,0x00000000eac80000,0x00000000eac80000)
  from space 1024K, 81% used [0x00000000eaf00000,0x00000000eafd0f80,0x00000000eb000000)
  to   space 1536K, 0% used [0x00000000ead00000,0x00000000ead00000,0x00000000eae80000)
 ParOldGen       total 442880K, used 214871K [0x00000000c0000000, 0x00000000db080000, 0x00000000eab00000)
  object space 442880K, 48% used [0x00000000c0000000,0x00000000cd1d5d28,0x00000000db080000)
 Metaspace       used 70718K, committed 72192K, reserved 1114112K
  class space    used 8525K, committed 9152K, reserved 1048576K
}
Event: 117.802 GC heap after
{Heap after GC invocations=632 (full 3):
 PSYoungGen      total 3584K, used 288K [0x00000000eab00000, 0x00000000eaf80000, 0x0000000100000000)
  eden space 2048K, 0% used [0x00000000eab00000,0x00000000eab00000,0x00000000ead00000)
  from space 1536K, 18% used [0x00000000ead00000,0x00000000ead48000,0x00000000eae80000)
  to   space 1024K, 0% used [0x00000000eae80000,0x00000000eae80000,0x00000000eaf80000)
 ParOldGen       total 442880K, used 215112K [0x00000000c0000000, 0x00000000db080000, 0x00000000eab00000)
  object space 442880K, 48% used [0x00000000c0000000,0x00000000cd212260,0x00000000db080000)
 Metaspace       used 70718K, committed 72192K, reserved 1114112K
  class space    used 8525K, committed 9152K, reserved 1048576K
}
Event: 122.281 GC heap before
{Heap before GC invocations=633 (full 3):
 PSYoungGen      total 3584K, used 2336K [0x00000000eab00000, 0x00000000eaf80000, 0x0000000100000000)
  eden space 2048K, 100% used [0x00000000eab00000,0x00000000ead00000,0x00000000ead00000)
  from space 1536K, 18% used [0x00000000ead00000,0x00000000ead48000,0x00000000eae80000)
  to   space 1024K, 0% used [0x00000000eae80000,0x00000000eae80000,0x00000000eaf80000)
 ParOldGen       total 442880K, used 215112K [0x00000000c0000000, 0x00000000db080000, 0x00000000eab00000)
  object space 442880K, 48% used [0x00000000c0000000,0x00000000cd212260,0x00000000db080000)
 Metaspace       used 71094K, committed 72576K, reserved 1114112K
  class space    used 8578K, committed 9216K, reserved 1048576K
}
Event: 122.283 GC heap after
{Heap after GC invocations=633 (full 3):
 PSYoungGen      total 2560K, used 288K [0x00000000eab00000, 0x00000000eaf00000, 0x0000000100000000)
  eden space 2048K, 0% used [0x00000000eab00000,0x00000000eab00000,0x00000000ead00000)
  from space 512K, 56% used [0x00000000eae80000,0x00000000eaec8000,0x00000000eaf00000)
  to   space 512K, 0% used [0x00000000eae00000,0x00000000eae00000,0x00000000eae80000)
 ParOldGen       total 442880K, used 215240K [0x00000000c0000000, 0x00000000db080000, 0x00000000eab00000)
  object space 442880K, 48% used [0x00000000c0000000,0x00000000cd232260,0x00000000db080000)
 Metaspace       used 71094K, committed 72576K, reserved 1114112K
  class space    used 8578K, committed 9216K, reserved 1048576K
}

