# JRE version: OpenJDK Runtime Environment Temurin-21.0.6+7 (21.0.6+7) (build 21.0.6+7-LTS)
# Java VM: OpenJDK 64-Bit Server VM Temurin-21.0.6+7 (21.0.6+7-LTS, mixed mode, sharing, tiered, compressed oops, compressed class ptrs, g1 gc, windows-amd64)
GC Precious Log:
 CardTable entry size: 512
 Card Set container configuration: InlinePtr #cards 5 size 8 Array Of Cards #cards 12 size 40 Howl #buckets 4 coarsen threshold 1843 Howl Bitmap #cards 512 size 80 coarsen threshold 460 Card regions per heap region 1 cards per card region 2048
 CPUs: 12 total, 12 available
 Memory: 15773M
 Large Page Support: Disabled
 NUMA Support: Disabled
 Compressed Oops: Enabled (32-bit)
 Heap Region Size: 1M
 Heap Min Capacity: 8M
 Heap Initial Capacity: 248M
 Heap Max Capacity: 2G
 Pre-touch: Disabled
 Parallel Workers: 10
 Concurrent Workers: 3
 Concurrent Refinement Workers: 10
 Periodic GC: Disabled
Heap:
 garbage-first heap   total 159744K, used 120313K [0x0000000080000000, 0x0000000100000000)
  region size 1024K, 28 young (28672K), 4 survivors (4096K)
 Metaspace       used 90320K, committed 92608K, reserved 1179648K
  class space    used 12284K, committed 13440K, reserved 1048576K
GC Heap History (20 events):
Event: 24.702 GC heap before
{Heap before GC invocations=19 (full 0):
 garbage-first heap   total 125952K, used 117950K [0x0000000080000000, 0x0000000100000000)
  region size 1024K, 46 young (47104K), 6 survivors (6144K)
 Metaspace       used 63859K, committed 65856K, reserved 1114112K
  class space    used 8881K, committed 9856K, reserved 1048576K
}
Event: 24.713 GC heap after
{Heap after GC invocations=20 (full 0):
 garbage-first heap   total 130048K, used 72781K [0x0000000080000000, 0x0000000100000000)
  region size 1024K, 5 young (5120K), 5 survivors (5120K)
 Metaspace       used 63859K, committed 65856K, reserved 1114112K
  class space    used 8881K, committed 9856K, reserved 1048576K
}
Event: 25.718 GC heap before
{Heap before GC invocations=20 (full 0):
 garbage-first heap   total 130048K, used 113741K [0x0000000080000000, 0x0000000100000000)
  region size 1024K, 45 young (46080K), 5 survivors (5120K)
 Metaspace       used 66176K, committed 68288K, reserved 1114112K
  class space    used 9199K, committed 10240K, reserved 1048576K
}
Event: 25.724 GC heap after
{Heap after GC invocations=21 (full 0):
 garbage-first heap   total 130048K, used 75692K [0x0000000080000000, 0x0000000100000000)
  region size 1024K, 3 young (3072K), 3 survivors (3072K)
 Metaspace       used 66176K, committed 68288K, reserved 1114112K
  class space    used 9199K, committed 10240K, reserved 1048576K
}
Event: 26.598 GC heap before
{Heap before GC invocations=22 (full 0):
 garbage-first heap   total 130048K, used 115628K [0x0000000080000000, 0x0000000100000000)
  region size 1024K, 43 young (44032K), 3 survivors (3072K)
 Metaspace       used 67572K, committed 69568K, reserved 1114112K
  class space    used 9370K, committed 10368K, reserved 1048576K
}
Event: 26.604 GC heap after
{Heap after GC invocations=23 (full 0):
 garbage-first heap   total 130048K, used 76856K [0x0000000080000000, 0x0000000100000000)
  region size 1024K, 5 young (5120K), 5 survivors (5120K)
 Metaspace       used 67572K, committed 69568K, reserved 1114112K
  class space    used 9370K, committed 10368K, reserved 1048576K
}
Event: 27.347 GC heap before
{Heap before GC invocations=23 (full 0):
 garbage-first heap   total 130048K, used 116792K [0x0000000080000000, 0x0000000100000000)
  region size 1024K, 44 young (45056K), 5 survivors (5120K)
 Metaspace       used 70361K, committed 72448K, reserved 1114112K
  class space    used 9794K, committed 10816K, reserved 1048576K
}
Event: 27.353 GC heap after
{Heap after GC invocations=24 (full 0):
 garbage-first heap   total 130048K, used 76411K [0x0000000080000000, 0x0000000100000000)
  region size 1024K, 4 young (4096K), 4 survivors (4096K)
 Metaspace       used 70361K, committed 72448K, reserved 1114112K
  class space    used 9794K, committed 10816K, reserved 1048576K
}
Event: 28.199 GC heap before
{Heap before GC invocations=24 (full 0):
 garbage-first heap   total 130048K, used 118395K [0x0000000080000000, 0x0000000100000000)
  region size 1024K, 45 young (46080K), 4 survivors (4096K)
 Metaspace       used 73422K, committed 75520K, reserved 1114112K
  class space    used 10339K, committed 11392K, reserved 1048576K
}
Event: 28.205 GC heap after
{Heap after GC invocations=25 (full 0):
 garbage-first heap   total 130048K, used 78174K [0x0000000080000000, 0x0000000100000000)
  region size 1024K, 3 young (3072K), 3 survivors (3072K)
 Metaspace       used 73422K, committed 75520K, reserved 1114112K
  class space    used 10339K, committed 11392K, reserved 1048576K
}
Event: 29.154 GC heap before
{Heap before GC invocations=26 (full 0):
 garbage-first heap   total 132096K, used 124254K [0x0000000080000000, 0x0000000100000000)
  region size 1024K, 43 young (44032K), 3 survivors (3072K)
 Metaspace       used 76635K, committed 78784K, reserved 1179648K
  class space    used 10686K, committed 11776K, reserved 1048576K
}
Event: 29.161 GC heap after
{Heap after GC invocations=27 (full 0):
 garbage-first heap   total 133120K, used 83368K [0x0000000080000000, 0x0000000100000000)
  region size 1024K, 6 young (6144K), 6 survivors (6144K)
 Metaspace       used 76635K, committed 78784K, reserved 1179648K
  class space    used 10686K, committed 11776K, reserved 1048576K
}
Event: 29.774 GC heap before
{Heap before GC invocations=27 (full 0):
 garbage-first heap   total 133120K, used 119208K [0x0000000080000000, 0x0000000100000000)
  region size 1024K, 41 young (41984K), 6 survivors (6144K)
 Metaspace       used 78813K, committed 80896K, reserved 1179648K
  class space    used 10981K, committed 12032K, reserved 1048576K
}
Event: 29.784 GC heap after
{Heap after GC invocations=28 (full 0):
 garbage-first heap   total 159744K, used 84869K [0x0000000080000000, 0x0000000100000000)
  region size 1024K, 3 young (3072K), 3 survivors (3072K)
 Metaspace       used 78813K, committed 80896K, reserved 1179648K
  class space    used 10981K, committed 12032K, reserved 1048576K
}
Event: 30.847 GC heap before
{Heap before GC invocations=28 (full 0):
 garbage-first heap   total 159744K, used 142213K [0x0000000080000000, 0x0000000100000000)
  region size 1024K, 59 young (60416K), 3 survivors (3072K)
 Metaspace       used 82798K, committed 84928K, reserved 1179648K
  class space    used 11535K, committed 12608K, reserved 1048576K
}
Event: 30.853 GC heap after
{Heap after GC invocations=29 (full 0):
 garbage-first heap   total 159744K, used 87977K [0x0000000080000000, 0x0000000100000000)
  region size 1024K, 6 young (6144K), 6 survivors (6144K)
 Metaspace       used 82798K, committed 84928K, reserved 1179648K
  class space    used 11535K, committed 12608K, reserved 1048576K
}
Event: 32.586 GC heap before
{Heap before GC invocations=30 (full 0):
 garbage-first heap   total 159744K, used 143273K [0x0000000080000000, 0x0000000100000000)
  region size 1024K, 60 young (61440K), 6 survivors (6144K)
 Metaspace       used 85729K, committed 87872K, reserved 1179648K
  class space    used 11894K, committed 12928K, reserved 1048576K
}
Event: 32.597 GC heap after
{Heap after GC invocations=31 (full 0):
 garbage-first heap   total 159744K, used 93713K [0x0000000080000000, 0x0000000100000000)
  region size 1024K, 8 young (8192K), 8 survivors (8192K)
 Metaspace       used 85729K, committed 87872K, reserved 1179648K
  class space    used 11894K, committed 12928K, reserved 1048576K
}
Event: 45.211 GC heap before
{Heap before GC invocations=31 (full 0):
 garbage-first heap   total 159744K, used 140817K [0x0000000080000000, 0x0000000100000000)
  region size 1024K, 55 young (56320K), 8 survivors (8192K)
 Metaspace       used 90151K, committed 92416K, reserved 1179648K
  class space    used 12284K, committed 13440K, reserved 1048576K
}
Event: 45.220 GC heap after
{Heap after GC invocations=32 (full 0):
 garbage-first heap   total 159744K, used 96761K [0x0000000080000000, 0x0000000100000000)
  region size 1024K, 4 young (4096K), 4 survivors (4096K)
 Metaspace       used 90151K, committed 92416K, reserved 1179648K
  class space    used 12284K, committed 13440K, reserved 1048576K
}

