# JRE version: Java(TM) SE Runtime Environment (23.0.1+11) (build 23.0.1+11-39)
# Java VM: Java HotSpot(TM) 64-Bit Server VM (23.0.1+11-39, mixed mode, sharing, tiered, compressed oops, compressed class ptrs, g1 gc, windows-amd64)
GC Precious Log:
 CardTable entry size: 512
 Card Set container configuration: InlinePtr #cards 5 size 8 Array Of Cards #cards 10 size 36 Howl #buckets 4 coarsen threshold 1843 Howl Bitmap #cards 512 size 80 coarsen threshold 460 Card regions per heap region 1 cards per card region 2048
 CPUs: 12 total, 12 available
 Memory: 15773M
 Large Page Support: Disabled
 NUMA Support: Disabled
 Compressed Oops: Enabled (32-bit)
 Heap Region Size: 1M
 Heap Min Capacity: 8M
 Heap Initial Capacity: 248M
 Heap Max Capacity: 2G
 Pre-touch: Disabled
 Parallel Workers: 10
 Concurrent Workers: 3
 Concurrent Refinement Workers: 10
 Periodic GC: Disabled
Heap:
 garbage-first heap   total reserved 2097152K, committed 253952K, used 79812K [0x0000000080000000, 0x0000000100000000)
  region size 1024K, 4 young (4096K), 4 survivors (4096K)
 Metaspace       used 67875K, committed 69824K, reserved 1114112K
  class space    used 9700K, committed 10624K, reserved 1048576K
GC Heap History (20 events):
Event: 17.350 GC heap after
{Heap after GC invocations=18 (full 0):
 garbage-first heap   total reserved 2097152K, committed 101376K, used 56296K [0x0000000080000000, 0x0000000100000000)
  region size 1024K, 4 young (4096K), 4 survivors (4096K)
 Metaspace       used 53712K, committed 55488K, reserved 1114112K
  class space    used 7817K, committed 8640K, reserved 1048576K
}
Event: 17.487 GC heap before
{Heap before GC invocations=18 (full 0):
 garbage-first heap   total reserved 2097152K, committed 101376K, used 89064K [0x0000000080000000, 0x0000000100000000)
  region size 1024K, 37 young (37888K), 4 survivors (4096K)
 Metaspace       used 53798K, committed 55552K, reserved 1114112K
  class space    used 7817K, committed 8640K, reserved 1048576K
}
Event: 17.495 GC heap after
{Heap after GC invocations=19 (full 0):
 garbage-first heap   total reserved 2097152K, committed 101376K, used 55961K [0x0000000080000000, 0x0000000100000000)
  region size 1024K, 4 young (4096K), 4 survivors (4096K)
 Metaspace       used 53798K, committed 55552K, reserved 1114112K
  class space    used 7817K, committed 8640K, reserved 1048576K
}
Event: 17.790 GC heap before
{Heap before GC invocations=19 (full 0):
 garbage-first heap   total reserved 2097152K, committed 101376K, used 76441K [0x0000000080000000, 0x0000000100000000)
  region size 1024K, 26 young (26624K), 4 survivors (4096K)
 Metaspace       used 54090K, committed 55936K, reserved 1114112K
  class space    used 7872K, committed 8768K, reserved 1048576K
}
Event: 17.794 GC heap after
{Heap after GC invocations=20 (full 0):
 garbage-first heap   total reserved 2097152K, committed 101376K, used 57246K [0x0000000080000000, 0x0000000100000000)
  region size 1024K, 4 young (4096K), 4 survivors (4096K)
 Metaspace       used 54090K, committed 55936K, reserved 1114112K
  class space    used 7872K, committed 8768K, reserved 1048576K
}
Event: 18.357 GC heap before
{Heap before GC invocations=21 (full 0):
 garbage-first heap   total reserved 2097152K, committed 104448K, used 94110K [0x0000000080000000, 0x0000000100000000)
  region size 1024K, 36 young (36864K), 4 survivors (4096K)
 Metaspace       used 56295K, committed 58112K, reserved 1114112K
  class space    used 8164K, committed 9024K, reserved 1048576K
}
Event: 18.361 GC heap after
{Heap after GC invocations=22 (full 0):
 garbage-first heap   total reserved 2097152K, committed 104448K, used 66896K [0x0000000080000000, 0x0000000100000000)
  region size 1024K, 5 young (5120K), 5 survivors (5120K)
 Metaspace       used 56295K, committed 58112K, reserved 1114112K
  class space    used 8164K, committed 9024K, reserved 1048576K
}
Event: 18.745 GC heap before
{Heap before GC invocations=22 (full 0):
 garbage-first heap   total reserved 2097152K, committed 104448K, used 91472K [0x0000000080000000, 0x0000000100000000)
  region size 1024K, 30 young (30720K), 5 survivors (5120K)
 Metaspace       used 58918K, committed 60736K, reserved 1114112K
  class space    used 8437K, committed 9280K, reserved 1048576K
}
Event: 18.749 GC heap after
{Heap after GC invocations=23 (full 0):
 garbage-first heap   total reserved 2097152K, committed 104448K, used 65983K [0x0000000080000000, 0x0000000100000000)
  region size 1024K, 1 young (1024K), 1 survivors (1024K)
 Metaspace       used 58918K, committed 60736K, reserved 1114112K
  class space    used 8437K, committed 9280K, reserved 1048576K
}
Event: 18.754 GC heap before
{Heap before GC invocations=23 (full 0):
 garbage-first heap   total reserved 2097152K, committed 104448K, used 67007K [0x0000000080000000, 0x0000000100000000)
  region size 1024K, 3 young (3072K), 1 survivors (1024K)
 Metaspace       used 58918K, committed 60736K, reserved 1114112K
  class space    used 8437K, committed 9280K, reserved 1048576K
}
Event: 18.757 GC heap after
{Heap after GC invocations=24 (full 0):
 garbage-first heap   total reserved 2097152K, committed 129024K, used 67093K [0x0000000080000000, 0x0000000100000000)
  region size 1024K, 2 young (2048K), 2 survivors (2048K)
 Metaspace       used 58918K, committed 60736K, reserved 1114112K
  class space    used 8437K, committed 9280K, reserved 1048576K
}
Event: 19.246 GC heap before
{Heap before GC invocations=24 (full 0):
 garbage-first heap   total reserved 2097152K, committed 129024K, used 95765K [0x0000000080000000, 0x0000000100000000)
  region size 1024K, 29 young (29696K), 2 survivors (2048K)
 Metaspace       used 61255K, committed 63040K, reserved 1114112K
  class space    used 8746K, committed 9600K, reserved 1048576K
}
Event: 19.253 GC heap after
{Heap after GC invocations=25 (full 0):
 garbage-first heap   total reserved 2097152K, committed 129024K, used 69112K [0x0000000080000000, 0x0000000100000000)
  region size 1024K, 4 young (4096K), 4 survivors (4096K)
 Metaspace       used 61255K, committed 63040K, reserved 1114112K
  class space    used 8746K, committed 9600K, reserved 1048576K
}
Event: 19.669 GC heap before
{Heap before GC invocations=25 (full 0):
 garbage-first heap   total reserved 2097152K, committed 129024K, used 100856K [0x0000000080000000, 0x0000000100000000)
  region size 1024K, 32 young (32768K), 4 survivors (4096K)
 Metaspace       used 63874K, committed 65728K, reserved 1114112K
  class space    used 9131K, committed 9984K, reserved 1048576K
}
Event: 19.675 GC heap after
{Heap after GC invocations=26 (full 0):
 garbage-first heap   total reserved 2097152K, committed 129024K, used 76880K [0x0000000080000000, 0x0000000100000000)
  region size 1024K, 4 young (4096K), 4 survivors (4096K)
 Metaspace       used 63874K, committed 65728K, reserved 1114112K
  class space    used 9131K, committed 9984K, reserved 1048576K
}
Event: 20.085 GC heap before
{Heap before GC invocations=27 (full 0):
 garbage-first heap   total reserved 2097152K, committed 133120K, used 105552K [0x0000000080000000, 0x0000000100000000)
  region size 1024K, 30 young (30720K), 4 survivors (4096K)
 Metaspace       used 65447K, committed 67328K, reserved 1114112K
  class space    used 9358K, committed 10240K, reserved 1048576K
}
Event: 20.089 GC heap after
{Heap after GC invocations=28 (full 0):
 garbage-first heap   total reserved 2097152K, committed 133120K, used 77155K [0x0000000080000000, 0x0000000100000000)
  region size 1024K, 4 young (4096K), 4 survivors (4096K)
 Metaspace       used 65447K, committed 67328K, reserved 1114112K
  class space    used 9358K, committed 10240K, reserved 1048576K
}
Event: 20.524 GC heap before
{Heap before GC invocations=28 (full 0):
 garbage-first heap   total reserved 2097152K, committed 133120K, used 105827K [0x0000000080000000, 0x0000000100000000)
  region size 1024K, 33 young (33792K), 4 survivors (4096K)
 Metaspace       used 67470K, committed 69376K, reserved 1114112K
  class space    used 9615K, committed 10496K, reserved 1048576K
}
Event: 20.529 GC heap after
{Heap after GC invocations=29 (full 0):
 garbage-first heap   total reserved 2097152K, committed 133120K, used 77755K [0x0000000080000000, 0x0000000100000000)
  region size 1024K, 5 young (5120K), 5 survivors (5120K)
 Metaspace       used 67470K, committed 69376K, reserved 1114112K
  class space    used 9615K, committed 10496K, reserved 1048576K
}
Event: 20.822 GC heap before
{Heap before GC invocations=29 (full 0):
 garbage-first heap   total reserved 2097152K, committed 133120K, used 109499K [0x0000000080000000, 0x0000000100000000)
  region size 1024K, 36 young (36864K), 5 survivors (5120K)
 Metaspace       used 67875K, committed 69824K, reserved 1114112K
  class space    used 9700K, committed 10624K, reserved 1048576K
}

