# JRE version: Java(TM) SE Runtime Environment (23.0.1+11) (build 23.0.1+11-39)
# Java VM: Java HotSpot(TM) 64-Bit Server VM (23.0.1+11-39, mixed mode, sharing, tiered, compressed oops, compressed class ptrs, g1 gc, windows-amd64)
GC Precious Log:
 CardTable entry size: 512
 Card Set container configuration: InlinePtr #cards 5 size 8 Array Of Cards #cards 10 size 36 Howl #buckets 4 coarsen threshold 1843 Howl Bitmap #cards 512 size 80 coarsen threshold 460 Card regions per heap region 1 cards per card region 2048
 CPUs: 12 total, 12 available
 Memory: 15773M
 Large Page Support: Disabled
 NUMA Support: Disabled
 Compressed Oops: Enabled (32-bit)
 Heap Region Size: 1M
 Heap Min Capacity: 8M
 Heap Initial Capacity: 248M
 Heap Max Capacity: 2G
 Pre-touch: Disabled
 Parallel Workers: 10
 Concurrent Workers: 3
 Concurrent Refinement Workers: 10
 Periodic GC: Disabled
Heap:
 garbage-first heap   total reserved 2097152K, committed 133120K, used 90589K [0x0000000080000000, 0x0000000100000000)
  region size 1024K, 17 young (17408K), 5 survivors (5120K)
 Metaspace       used 70023K, committed 72064K, reserved 1114112K
  class space    used 10043K, committed 11008K, reserved 1048576K
GC Heap History (20 events):
Event: 12.250 GC heap before
{Heap before GC invocations=16 (full 0):
 garbage-first heap   total reserved 2097152K, committed 98304K, used 84762K [0x0000000080000000, 0x0000000100000000)
  region size 1024K, 36 young (36864K), 5 survivors (5120K)
 Metaspace       used 53630K, committed 55424K, reserved 1114112K
  class space    used 7867K, committed 8704K, reserved 1048576K
}
Event: 12.254 GC heap after
{Heap after GC invocations=17 (full 0):
 garbage-first heap   total reserved 2097152K, committed 118784K, used 55175K [0x0000000080000000, 0x0000000100000000)
  region size 1024K, 4 young (4096K), 4 survivors (4096K)
 Metaspace       used 53630K, committed 55424K, reserved 1114112K
  class space    used 7867K, committed 8704K, reserved 1048576K
}
Event: 12.548 GC heap before
{Heap before GC invocations=18 (full 0):
 garbage-first heap   total reserved 2097152K, committed 118784K, used 104327K [0x0000000080000000, 0x0000000100000000)
  region size 1024K, 53 young (54272K), 4 survivors (4096K)
 Metaspace       used 53847K, committed 55616K, reserved 1114112K
  class space    used 7867K, committed 8704K, reserved 1048576K
}
Event: 12.552 GC heap after
{Heap after GC invocations=19 (full 0):
 garbage-first heap   total reserved 2097152K, committed 118784K, used 55924K [0x0000000080000000, 0x0000000100000000)
  region size 1024K, 5 young (5120K), 5 survivors (5120K)
 Metaspace       used 53847K, committed 55616K, reserved 1114112K
  class space    used 7867K, committed 8704K, reserved 1048576K
}
Event: 13.038 GC heap before
{Heap before GC invocations=19 (full 0):
 garbage-first heap   total reserved 2097152K, committed 118784K, used 108148K [0x0000000080000000, 0x0000000100000000)
  region size 1024K, 53 young (54272K), 5 survivors (5120K)
 Metaspace       used 54537K, committed 56384K, reserved 1114112K
  class space    used 7978K, committed 8832K, reserved 1048576K
}
Event: 13.047 GC heap after
{Heap after GC invocations=20 (full 0):
 garbage-first heap   total reserved 2097152K, committed 120832K, used 63759K [0x0000000080000000, 0x0000000100000000)
  region size 1024K, 7 young (7168K), 7 survivors (7168K)
 Metaspace       used 54537K, committed 56384K, reserved 1114112K
  class space    used 7978K, committed 8832K, reserved 1048576K
}
Event: 13.144 GC heap before
{Heap before GC invocations=20 (full 0):
 garbage-first heap   total reserved 2097152K, committed 120832K, used 71951K [0x0000000080000000, 0x0000000100000000)
  region size 1024K, 17 young (17408K), 7 survivors (7168K)
 Metaspace       used 55140K, committed 56960K, reserved 1114112K
  class space    used 8038K, committed 8896K, reserved 1048576K
}
Event: 13.148 GC heap after
{Heap after GC invocations=21 (full 0):
 garbage-first heap   total reserved 2097152K, committed 120832K, used 65468K [0x0000000080000000, 0x0000000100000000)
  region size 1024K, 2 young (2048K), 2 survivors (2048K)
 Metaspace       used 55140K, committed 56960K, reserved 1114112K
  class space    used 8038K, committed 8896K, reserved 1048576K
}
Event: 13.924 GC heap before
{Heap before GC invocations=22 (full 0):
 garbage-first heap   total reserved 2097152K, committed 120832K, used 109500K [0x0000000080000000, 0x0000000100000000)
  region size 1024K, 44 young (45056K), 2 survivors (2048K)
 Metaspace       used 59012K, committed 60864K, reserved 1114112K
  class space    used 8495K, committed 9408K, reserved 1048576K
}
Event: 13.928 GC heap after
{Heap after GC invocations=23 (full 0):
 garbage-first heap   total reserved 2097152K, committed 120832K, used 68389K [0x0000000080000000, 0x0000000100000000)
  region size 1024K, 4 young (4096K), 4 survivors (4096K)
 Metaspace       used 59012K, committed 60864K, reserved 1114112K
  class space    used 8495K, committed 9408K, reserved 1048576K
}
Event: 14.722 GC heap before
{Heap before GC invocations=23 (full 0):
 garbage-first heap   total reserved 2097152K, committed 120832K, used 108325K [0x0000000080000000, 0x0000000100000000)
  region size 1024K, 43 young (44032K), 4 survivors (4096K)
 Metaspace       used 63589K, committed 65536K, reserved 1114112K
  class space    used 9135K, committed 10048K, reserved 1048576K
}
Event: 14.730 GC heap after
{Heap after GC invocations=24 (full 0):
 garbage-first heap   total reserved 2097152K, committed 120832K, used 70008K [0x0000000080000000, 0x0000000100000000)
  region size 1024K, 6 young (6144K), 6 survivors (6144K)
 Metaspace       used 63589K, committed 65536K, reserved 1114112K
  class space    used 9135K, committed 10048K, reserved 1048576K
}
Event: 14.832 GC heap before
{Heap before GC invocations=24 (full 0):
 garbage-first heap   total reserved 2097152K, committed 120832K, used 76152K [0x0000000080000000, 0x0000000100000000)
  region size 1024K, 13 young (13312K), 6 survivors (6144K)
 Metaspace       used 63941K, committed 65920K, reserved 1114112K
  class space    used 9185K, committed 10112K, reserved 1048576K
}
Event: 14.838 GC heap after
{Heap after GC invocations=25 (full 0):
 garbage-first heap   total reserved 2097152K, committed 120832K, used 71484K [0x0000000080000000, 0x0000000100000000)
  region size 1024K, 4 young (4096K), 4 survivors (4096K)
 Metaspace       used 63941K, committed 65920K, reserved 1114112K
  class space    used 9185K, committed 10112K, reserved 1048576K
}
Event: 15.395 GC heap before
{Heap before GC invocations=26 (full 0):
 garbage-first heap   total reserved 2097152K, committed 130048K, used 115516K [0x0000000080000000, 0x0000000100000000)
  region size 1024K, 41 young (41984K), 4 survivors (4096K)
 Metaspace       used 65705K, committed 67584K, reserved 1114112K
  class space    used 9431K, committed 10304K, reserved 1048576K
}
Event: 15.401 GC heap after
{Heap after GC invocations=27 (full 0):
 garbage-first heap   total reserved 2097152K, committed 130048K, used 75051K [0x0000000080000000, 0x0000000100000000)
  region size 1024K, 5 young (5120K), 5 survivors (5120K)
 Metaspace       used 65705K, committed 67584K, reserved 1114112K
  class space    used 9431K, committed 10304K, reserved 1048576K
}
Event: 16.069 GC heap before
{Heap before GC invocations=27 (full 0):
 garbage-first heap   total reserved 2097152K, committed 130048K, used 116011K [0x0000000080000000, 0x0000000100000000)
  region size 1024K, 45 young (46080K), 5 survivors (5120K)
 Metaspace       used 67946K, committed 69952K, reserved 1114112K
  class space    used 9748K, committed 10688K, reserved 1048576K
}
Event: 16.075 GC heap after
{Heap after GC invocations=28 (full 0):
 garbage-first heap   total reserved 2097152K, committed 130048K, used 77103K [0x0000000080000000, 0x0000000100000000)
  region size 1024K, 3 young (3072K), 3 survivors (3072K)
 Metaspace       used 67946K, committed 69952K, reserved 1114112K
  class space    used 9748K, committed 10688K, reserved 1048576K
}
Event: 16.650 GC heap before
{Heap before GC invocations=28 (full 0):
 garbage-first heap   total reserved 2097152K, committed 130048K, used 118063K [0x0000000080000000, 0x0000000100000000)
  region size 1024K, 43 young (44032K), 3 survivors (3072K)
 Metaspace       used 69290K, committed 71296K, reserved 1114112K
  class space    used 9923K, committed 10880K, reserved 1048576K
}
Event: 16.654 GC heap after
{Heap after GC invocations=29 (full 0):
 garbage-first heap   total reserved 2097152K, committed 130048K, used 79325K [0x0000000080000000, 0x0000000100000000)
  region size 1024K, 5 young (5120K), 5 survivors (5120K)
 Metaspace       used 69290K, committed 71296K, reserved 1114112K
  class space    used 9923K, committed 10880K, reserved 1048576K
}

