# JRE version: OpenJDK Runtime Environment (21.0.5) (build 21.0.5+-13047016-b750.29)
# Java VM: OpenJDK 64-Bit Server VM (21.0.5+-13047016-b750.29, mixed mode, tiered, compressed oops, compressed class ptrs, g1 gc, windows-amd64)
GC Precious Log:
 CardTable entry size: 512
 Card Set container configuration: InlinePtr #cards 5 size 8 Array Of Cards #cards 12 size 40 Howl #buckets 4 coarsen threshold 1843 Howl Bitmap #cards 512 size 80 coarsen threshold 460 Card regions per heap region 1 cards per card region 2048
 CPUs: 12 total, 12 available
 Memory: 15773M
 Large Page Support: Disabled
 NUMA Support: Disabled
 Compressed Oops: Enabled (32-bit)
 Heap Region Size: 1M
 Heap Min Capacity: 8M
 Heap Initial Capacity: 248M
 Heap Max Capacity: 2G
 Pre-touch: Disabled
 Parallel Workers: 10
 Concurrent Workers: 3
 Concurrent Refinement Workers: 10
 Periodic GC: Disabled
Heap:
 garbage-first heap   total 260096K, used 234683K [0x0000000080000000, 0x0000000100000000)
  region size 1024K, 71 young (72704K), 3 survivors (3072K)
 Metaspace       used 141256K, committed 143488K, reserved 1179648K
  class space    used 19081K, committed 20224K, reserved 1048576K
GC Heap History (20 events):
Event: 18.617 GC heap before
{Heap before GC invocations=37 (full 0):
 garbage-first heap   total 198656K, used 171632K [0x0000000080000000, 0x0000000100000000)
  region size 1024K, 61 young (62464K), 5 survivors (5120K)
 Metaspace       used 106272K, committed 108288K, reserved 1179648K
  class space    used 14291K, committed 15296K, reserved 1048576K
}
Event: 18.622 GC heap after
{Heap after GC invocations=38 (full 0):
 garbage-first heap   total 198656K, used 117302K [0x0000000080000000, 0x0000000100000000)
  region size 1024K, 7 young (7168K), 7 survivors (7168K)
 Metaspace       used 106272K, committed 108288K, reserved 1179648K
  class space    used 14291K, committed 15296K, reserved 1048576K
}
Event: 18.972 GC heap before
{Heap before GC invocations=39 (full 0):
 garbage-first heap   total 198656K, used 164406K [0x0000000080000000, 0x0000000100000000)
  region size 1024K, 63 young (64512K), 7 survivors (7168K)
 Metaspace       used 108580K, committed 110592K, reserved 1179648K
  class space    used 14607K, committed 15616K, reserved 1048576K
}
Event: 18.980 GC heap after
{Heap after GC invocations=40 (full 0):
 garbage-first heap   total 198656K, used 110145K [0x0000000080000000, 0x0000000100000000)
  region size 1024K, 5 young (5120K), 5 survivors (5120K)
 Metaspace       used 108580K, committed 110592K, reserved 1179648K
  class space    used 14607K, committed 15616K, reserved 1048576K
}
Event: 21.929 GC heap before
{Heap before GC invocations=40 (full 0):
 garbage-first heap   total 198656K, used 174657K [0x0000000080000000, 0x0000000100000000)
  region size 1024K, 69 young (70656K), 5 survivors (5120K)
 Metaspace       used 111236K, committed 113280K, reserved 1179648K
  class space    used 14918K, committed 15936K, reserved 1048576K
}
Event: 21.937 GC heap after
{Heap after GC invocations=41 (full 0):
 garbage-first heap   total 198656K, used 109139K [0x0000000080000000, 0x0000000100000000)
  region size 1024K, 9 young (9216K), 9 survivors (9216K)
 Metaspace       used 111236K, committed 113280K, reserved 1179648K
  class space    used 14918K, committed 15936K, reserved 1048576K
}
Event: 22.416 GC heap before
{Heap before GC invocations=41 (full 0):
 garbage-first heap   total 198656K, used 153171K [0x0000000080000000, 0x0000000100000000)
  region size 1024K, 54 young (55296K), 9 survivors (9216K)
 Metaspace       used 112908K, committed 115008K, reserved 1179648K
  class space    used 15125K, committed 16192K, reserved 1048576K
}
Event: 22.427 GC heap after
{Heap after GC invocations=42 (full 0):
 garbage-first heap   total 198656K, used 114385K [0x0000000080000000, 0x0000000100000000)
  region size 1024K, 6 young (6144K), 6 survivors (6144K)
 Metaspace       used 112908K, committed 115008K, reserved 1179648K
  class space    used 15125K, committed 16192K, reserved 1048576K
}
Event: 23.135 GC heap before
{Heap before GC invocations=43 (full 0):
 garbage-first heap   total 198656K, used 176849K [0x0000000080000000, 0x0000000100000000)
  region size 1024K, 66 young (67584K), 6 survivors (6144K)
 Metaspace       used 118379K, committed 120512K, reserved 1179648K
  class space    used 15907K, committed 17024K, reserved 1048576K
}
Event: 23.145 GC heap after
{Heap after GC invocations=44 (full 0):
 garbage-first heap   total 198656K, used 122519K [0x0000000080000000, 0x0000000100000000)
  region size 1024K, 9 young (9216K), 9 survivors (9216K)
 Metaspace       used 118379K, committed 120512K, reserved 1179648K
  class space    used 15907K, committed 17024K, reserved 1048576K
}
Event: 23.667 GC heap before
{Heap before GC invocations=44 (full 0):
 garbage-first heap   total 198656K, used 175767K [0x0000000080000000, 0x0000000100000000)
  region size 1024K, 62 young (63488K), 9 survivors (9216K)
 Metaspace       used 125319K, committed 127488K, reserved 1179648K
  class space    used 17130K, committed 18240K, reserved 1048576K
}
Event: 23.678 GC heap after
{Heap after GC invocations=45 (full 0):
 garbage-first heap   total 238592K, used 123843K [0x0000000080000000, 0x0000000100000000)
  region size 1024K, 4 young (4096K), 4 survivors (4096K)
 Metaspace       used 125319K, committed 127488K, reserved 1179648K
  class space    used 17130K, committed 18240K, reserved 1048576K
}
Event: 24.294 GC heap before
{Heap before GC invocations=45 (full 0):
 garbage-first heap   total 238592K, used 192451K [0x0000000080000000, 0x0000000100000000)
  region size 1024K, 73 young (74752K), 4 survivors (4096K)
 Metaspace       used 129671K, committed 131904K, reserved 1179648K
  class space    used 17748K, committed 18880K, reserved 1048576K
}
Event: 24.301 GC heap after
{Heap after GC invocations=46 (full 0):
 garbage-first heap   total 238592K, used 125280K [0x0000000080000000, 0x0000000100000000)
  region size 1024K, 5 young (5120K), 5 survivors (5120K)
 Metaspace       used 129671K, committed 131904K, reserved 1179648K
  class space    used 17748K, committed 18880K, reserved 1048576K
}
Event: 25.658 GC heap before
{Heap before GC invocations=47 (full 0):
 garbage-first heap   total 238592K, used 231776K [0x0000000080000000, 0x0000000100000000)
  region size 1024K, 95 young (97280K), 5 survivors (5120K)
 Metaspace       used 136921K, committed 139136K, reserved 1179648K
  class space    used 18846K, committed 19968K, reserved 1048576K
}
Event: 25.664 GC heap after
{Heap after GC invocations=48 (full 0):
 garbage-first heap   total 238592K, used 124716K [0x0000000080000000, 0x0000000100000000)
  region size 1024K, 5 young (5120K), 5 survivors (5120K)
 Metaspace       used 136921K, committed 139136K, reserved 1179648K
  class space    used 18846K, committed 19968K, reserved 1048576K
}
Event: 47.067 GC heap before
{Heap before GC invocations=48 (full 0):
 garbage-first heap   total 238592K, used 217900K [0x0000000080000000, 0x0000000100000000)
  region size 1024K, 97 young (99328K), 5 survivors (5120K)
 Metaspace       used 140620K, committed 142848K, reserved 1179648K
  class space    used 19055K, committed 20224K, reserved 1048576K
}
Event: 47.082 GC heap after
{Heap after GC invocations=49 (full 0):
 garbage-first heap   total 238592K, used 130441K [0x0000000080000000, 0x0000000100000000)
  region size 1024K, 12 young (12288K), 12 survivors (12288K)
 Metaspace       used 140620K, committed 142848K, reserved 1179648K
  class space    used 19055K, committed 20224K, reserved 1048576K
}
Event: 47.265 GC heap before
{Heap before GC invocations=49 (full 0):
 garbage-first heap   total 238592K, used 138633K [0x0000000080000000, 0x0000000100000000)
  region size 1024K, 21 young (21504K), 12 survivors (12288K)
 Metaspace       used 140774K, committed 143040K, reserved 1179648K
  class space    used 19070K, committed 20224K, reserved 1048576K
}
Event: 47.275 GC heap after
{Heap after GC invocations=50 (full 0):
 garbage-first heap   total 238592K, used 132283K [0x0000000080000000, 0x0000000100000000)
  region size 1024K, 3 young (3072K), 3 survivors (3072K)
 Metaspace       used 140774K, committed 143040K, reserved 1179648K
  class space    used 19070K, committed 20224K, reserved 1048576K
}

