# JRE version: OpenJDK Runtime Environment Temurin-21.0.6+7 (21.0.6+7) (build 21.0.6+7-LTS)
# Java VM: OpenJDK 64-Bit Server VM Temurin-21.0.6+7 (21.0.6+7-LTS, mixed mode, sharing, tiered, compressed oops, compressed class ptrs, parallel gc, windows-amd64)
GC Precious Log:
 CardTable entry size: 512
 CPUs: 12 total, 12 available
 Memory: 15773M
 Large Page Support: Disabled
 NUMA Support: Disabled
 Compressed Oops: Enabled (32-bit)
 Alignments: Space 512K, Generation 512K, Heap 2M
 Heap Min Capacity: 100M
 Heap Initial Capacity: 100M
 Heap Max Capacity: 1G
 Pre-touch: Disabled
 Parallel Workers: 10
Heap:
 PSYoungGen      total 9216K, used 9211K [0x00000000eab00000, 0x00000000eb680000, 0x0000000100000000)
  eden space 7168K, 100% used [0x00000000eab00000,0x00000000eb200000,0x00000000eb200000)
  from space 2048K, 99% used [0x00000000eb280000,0x00000000eb47ec68,0x00000000eb480000)
  to   space 1536K, 98% used [0x00000000eb500000,0x00000000eb67a030,0x00000000eb680000)
 ParOldGen       total 190464K, used 190463K [0x00000000c0000000, 0x00000000cba00000, 0x00000000eab00000)
  object space 190464K, 99% used [0x00000000c0000000,0x00000000cb9fff18,0x00000000cba00000)
 Metaspace       used 59674K, committed 60928K, reserved 1114112K
  class space    used 6497K, committed 6976K, reserved 1048576K
GC Heap History (20 events):
Event: 17.706 GC heap after
{Heap after GC invocations=131 (full 4):
 PSYoungGen      total 5120K, used 1024K [0x00000000eab00000, 0x00000000eb380000, 0x0000000100000000)
  eden space 4096K, 0% used [0x00000000eab00000,0x00000000eab00000,0x00000000eaf00000)
  from space 1024K, 100% used [0x00000000eaf00000,0x00000000eb000000,0x00000000eb000000)
  to   space 2048K, 0% used [0x00000000eb180000,0x00000000eb180000,0x00000000eb380000)
 ParOldGen       total 185344K, used 180648K [0x00000000c0000000, 0x00000000cb500000, 0x00000000eab00000)
  object space 185344K, 97% used [0x00000000c0000000,0x00000000cb06a188,0x00000000cb500000)
 Metaspace       used 59674K, committed 60928K, reserved 1114112K
  class space    used 6497K, committed 6976K, reserved 1048576K
}
Event: 17.721 GC heap before
{Heap before GC invocations=132 (full 4):
 PSYoungGen      total 5120K, used 5120K [0x00000000eab00000, 0x00000000eb380000, 0x0000000100000000)
  eden space 4096K, 100% used [0x00000000eab00000,0x00000000eaf00000,0x00000000eaf00000)
  from space 1024K, 100% used [0x00000000eaf00000,0x00000000eb000000,0x00000000eb000000)
  to   space 2048K, 0% used [0x00000000eb180000,0x00000000eb180000,0x00000000eb380000)
 ParOldGen       total 185344K, used 180648K [0x00000000c0000000, 0x00000000cb500000, 0x00000000eab00000)
  object space 185344K, 97% used [0x00000000c0000000,0x00000000cb06a188,0x00000000cb500000)
 Metaspace       used 59674K, committed 60928K, reserved 1114112K
  class space    used 6497K, committed 6976K, reserved 1048576K
}
Event: 17.724 GC heap after
{Heap after GC invocations=132 (full 4):
 PSYoungGen      total 5632K, used 983K [0x00000000eab00000, 0x00000000eb280000, 0x0000000100000000)
  eden space 4608K, 0% used [0x00000000eab00000,0x00000000eab00000,0x00000000eaf80000)
  from space 1024K, 96% used [0x00000000eb180000,0x00000000eb275da8,0x00000000eb280000)
  to   space 1536K, 0% used [0x00000000eaf80000,0x00000000eaf80000,0x00000000eb100000)
 ParOldGen       total 185344K, used 181689K [0x00000000c0000000, 0x00000000cb500000, 0x00000000eab00000)
  object space 185344K, 98% used [0x00000000c0000000,0x00000000cb16e780,0x00000000cb500000)
 Metaspace       used 59674K, committed 60928K, reserved 1114112K
  class space    used 6497K, committed 6976K, reserved 1048576K
}
Event: 17.742 GC heap before
{Heap before GC invocations=133 (full 4):
 PSYoungGen      total 5632K, used 5591K [0x00000000eab00000, 0x00000000eb280000, 0x0000000100000000)
  eden space 4608K, 100% used [0x00000000eab00000,0x00000000eaf80000,0x00000000eaf80000)
  from space 1024K, 96% used [0x00000000eb180000,0x00000000eb275da8,0x00000000eb280000)
  to   space 1536K, 0% used [0x00000000eaf80000,0x00000000eaf80000,0x00000000eb100000)
 ParOldGen       total 185344K, used 181689K [0x00000000c0000000, 0x00000000cb500000, 0x00000000eab00000)
  object space 185344K, 98% used [0x00000000c0000000,0x00000000cb16e780,0x00000000cb500000)
 Metaspace       used 59674K, committed 60928K, reserved 1114112K
  class space    used 6497K, committed 6976K, reserved 1048576K
}
Event: 17.744 GC heap after
{Heap after GC invocations=133 (full 4):
 PSYoungGen      total 6144K, used 1535K [0x00000000eab00000, 0x00000000eb400000, 0x0000000100000000)
  eden space 4608K, 0% used [0x00000000eab00000,0x00000000eab00000,0x00000000eaf80000)
  from space 1536K, 99% used [0x00000000eaf80000,0x00000000eb0fff78,0x00000000eb100000)
  to   space 2048K, 0% used [0x00000000eb200000,0x00000000eb200000,0x00000000eb400000)
 ParOldGen       total 185344K, used 181988K [0x00000000c0000000, 0x00000000cb500000, 0x00000000eab00000)
  object space 185344K, 98% used [0x00000000c0000000,0x00000000cb1b90c0,0x00000000cb500000)
 Metaspace       used 59674K, committed 60928K, reserved 1114112K
  class space    used 6497K, committed 6976K, reserved 1048576K
}
Event: 17.759 GC heap before
{Heap before GC invocations=134 (full 4):
 PSYoungGen      total 6144K, used 6143K [0x00000000eab00000, 0x00000000eb400000, 0x0000000100000000)
  eden space 4608K, 100% used [0x00000000eab00000,0x00000000eaf80000,0x00000000eaf80000)
  from space 1536K, 99% used [0x00000000eaf80000,0x00000000eb0fff78,0x00000000eb100000)
  to   space 2048K, 0% used [0x00000000eb200000,0x00000000eb200000,0x00000000eb400000)
 ParOldGen       total 185344K, used 181988K [0x00000000c0000000, 0x00000000cb500000, 0x00000000eab00000)
  object space 185344K, 98% used [0x00000000c0000000,0x00000000cb1b90c0,0x00000000cb500000)
 Metaspace       used 59674K, committed 60928K, reserved 1114112K
  class space    used 6497K, committed 6976K, reserved 1048576K
}
Event: 17.762 GC heap after
{Heap after GC invocations=134 (full 4):
 PSYoungGen      total 6656K, used 1088K [0x00000000eab00000, 0x00000000eb380000, 0x0000000100000000)
  eden space 5120K, 0% used [0x00000000eab00000,0x00000000eab00000,0x00000000eb000000)
  from space 1536K, 70% used [0x00000000eb200000,0x00000000eb310000,0x00000000eb380000)
  to   space 1536K, 0% used [0x00000000eb080000,0x00000000eb080000,0x00000000eb200000)
 ParOldGen       total 185344K, used 183498K [0x00000000c0000000, 0x00000000cb500000, 0x00000000eab00000)
  object space 185344K, 99% used [0x00000000c0000000,0x00000000cb332ab0,0x00000000cb500000)
 Metaspace       used 59674K, committed 60928K, reserved 1114112K
  class space    used 6497K, committed 6976K, reserved 1048576K
}
Event: 17.780 GC heap before
{Heap before GC invocations=135 (full 4):
 PSYoungGen      total 6656K, used 6208K [0x00000000eab00000, 0x00000000eb380000, 0x0000000100000000)
  eden space 5120K, 100% used [0x00000000eab00000,0x00000000eb000000,0x00000000eb000000)
  from space 1536K, 70% used [0x00000000eb200000,0x00000000eb310000,0x00000000eb380000)
  to   space 1536K, 0% used [0x00000000eb080000,0x00000000eb080000,0x00000000eb200000)
 ParOldGen       total 185344K, used 183498K [0x00000000c0000000, 0x00000000cb500000, 0x00000000eab00000)
  object space 185344K, 99% used [0x00000000c0000000,0x00000000cb332ab0,0x00000000cb500000)
 Metaspace       used 59674K, committed 60928K, reserved 1114112K
  class space    used 6497K, committed 6976K, reserved 1048576K
}
Event: 17.784 GC heap after
{Heap after GC invocations=135 (full 4):
 PSYoungGen      total 7168K, used 1515K [0x00000000eab00000, 0x00000000eb580000, 0x0000000100000000)
  eden space 5632K, 0% used [0x00000000eab00000,0x00000000eab00000,0x00000000eb080000)
  from space 1536K, 98% used [0x00000000eb080000,0x00000000eb1face8,0x00000000eb200000)
  to   space 2560K, 0% used [0x00000000eb300000,0x00000000eb300000,0x00000000eb580000)
 ParOldGen       total 185344K, used 183940K [0x00000000c0000000, 0x00000000cb500000, 0x00000000eab00000)
  object space 185344K, 99% used [0x00000000c0000000,0x00000000cb3a12e0,0x00000000cb500000)
 Metaspace       used 59674K, committed 60928K, reserved 1114112K
  class space    used 6497K, committed 6976K, reserved 1048576K
}
Event: 17.802 GC heap before
{Heap before GC invocations=136 (full 4):
 PSYoungGen      total 7168K, used 7147K [0x00000000eab00000, 0x00000000eb580000, 0x0000000100000000)
  eden space 5632K, 100% used [0x00000000eab00000,0x00000000eb080000,0x00000000eb080000)
  from space 1536K, 98% used [0x00000000eb080000,0x00000000eb1face8,0x00000000eb200000)
  to   space 2560K, 0% used [0x00000000eb300000,0x00000000eb300000,0x00000000eb580000)
 ParOldGen       total 185344K, used 183940K [0x00000000c0000000, 0x00000000cb500000, 0x00000000eab00000)
  object space 185344K, 99% used [0x00000000c0000000,0x00000000cb3a12e0,0x00000000cb500000)
 Metaspace       used 59674K, committed 60928K, reserved 1114112K
  class space    used 6497K, committed 6976K, reserved 1048576K
}
Event: 17.804 GC heap after
{Heap after GC invocations=136 (full 4):
 PSYoungGen      total 8704K, used 1353K [0x00000000eab00000, 0x00000000eb580000, 0x0000000100000000)
  eden space 6144K, 0% used [0x00000000eab00000,0x00000000eab00000,0x00000000eb100000)
  from space 2560K, 52% used [0x00000000eb300000,0x00000000eb452678,0x00000000eb580000)
  to   space 2048K, 0% used [0x00000000eb100000,0x00000000eb100000,0x00000000eb300000)
 ParOldGen       total 185856K, used 185479K [0x00000000c0000000, 0x00000000cb580000, 0x00000000eab00000)
  object space 185856K, 99% used [0x00000000c0000000,0x00000000cb521f90,0x00000000cb580000)
 Metaspace       used 59674K, committed 60928K, reserved 1114112K
  class space    used 6497K, committed 6976K, reserved 1048576K
}
Event: 17.826 GC heap before
{Heap before GC invocations=137 (full 4):
 PSYoungGen      total 8704K, used 7497K [0x00000000eab00000, 0x00000000eb580000, 0x0000000100000000)
  eden space 6144K, 100% used [0x00000000eab00000,0x00000000eb100000,0x00000000eb100000)
  from space 2560K, 52% used [0x00000000eb300000,0x00000000eb452678,0x00000000eb580000)
  to   space 2048K, 0% used [0x00000000eb100000,0x00000000eb100000,0x00000000eb300000)
 ParOldGen       total 185856K, used 185479K [0x00000000c0000000, 0x00000000cb580000, 0x00000000eab00000)
  object space 185856K, 99% used [0x00000000c0000000,0x00000000cb521f90,0x00000000cb580000)
 Metaspace       used 59674K, committed 60928K, reserved 1114112K
  class space    used 6497K, committed 6976K, reserved 1048576K
}
Event: 17.829 GC heap after
{Heap after GC invocations=137 (full 4):
 PSYoungGen      total 8192K, used 2043K [0x00000000eab00000, 0x00000000eb800000, 0x0000000100000000)
  eden space 6144K, 0% used [0x00000000eab00000,0x00000000eab00000,0x00000000eb100000)
  from space 2048K, 99% used [0x00000000eb100000,0x00000000eb2fef38,0x00000000eb300000)
  to   space 3072K, 0% used [0x00000000eb500000,0x00000000eb500000,0x00000000eb800000)
 ParOldGen       total 186368K, used 185905K [0x00000000c0000000, 0x00000000cb600000, 0x00000000eab00000)
  object space 186368K, 99% used [0x00000000c0000000,0x00000000cb58c5e0,0x00000000cb600000)
 Metaspace       used 59674K, committed 60928K, reserved 1114112K
  class space    used 6497K, committed 6976K, reserved 1048576K
}
Event: 17.850 GC heap before
{Heap before GC invocations=138 (full 4):
 PSYoungGen      total 8192K, used 8187K [0x00000000eab00000, 0x00000000eb800000, 0x0000000100000000)
  eden space 6144K, 100% used [0x00000000eab00000,0x00000000eb100000,0x00000000eb100000)
  from space 2048K, 99% used [0x00000000eb100000,0x00000000eb2fef38,0x00000000eb300000)
  to   space 3072K, 0% used [0x00000000eb500000,0x00000000eb500000,0x00000000eb800000)
 ParOldGen       total 186368K, used 185905K [0x00000000c0000000, 0x00000000cb600000, 0x00000000eab00000)
  object space 186368K, 99% used [0x00000000c0000000,0x00000000cb58c5e0,0x00000000cb600000)
 Metaspace       used 59674K, committed 60928K, reserved 1114112K
  class space    used 6497K, committed 6976K, reserved 1048576K
}
Event: 17.853 GC heap after
{Heap after GC invocations=138 (full 4):
 PSYoungGen      total 8704K, used 1289K [0x00000000eab00000, 0x00000000eb680000, 0x0000000100000000)
  eden space 7168K, 0% used [0x00000000eab00000,0x00000000eab00000,0x00000000eb200000)
  from space 1536K, 83% used [0x00000000eb500000,0x00000000eb6425c8,0x00000000eb680000)
  to   space 2048K, 0% used [0x00000000eb280000,0x00000000eb280000,0x00000000eb480000)
 ParOldGen       total 188416K, used 187962K [0x00000000c0000000, 0x00000000cb800000, 0x00000000eab00000)
  object space 188416K, 99% used [0x00000000c0000000,0x00000000cb78e968,0x00000000cb800000)
 Metaspace       used 59674K, committed 60928K, reserved 1114112K
  class space    used 6497K, committed 6976K, reserved 1048576K
}
Event: 17.882 GC heap before
{Heap before GC invocations=139 (full 4):
 PSYoungGen      total 8704K, used 8457K [0x00000000eab00000, 0x00000000eb680000, 0x0000000100000000)
  eden space 7168K, 100% used [0x00000000eab00000,0x00000000eb200000,0x00000000eb200000)
  from space 1536K, 83% used [0x00000000eb500000,0x00000000eb6425c8,0x00000000eb680000)
  to   space 2048K, 0% used [0x00000000eb280000,0x00000000eb280000,0x00000000eb480000)
 ParOldGen       total 188416K, used 187962K [0x00000000c0000000, 0x00000000cb800000, 0x00000000eab00000)
  object space 188416K, 99% used [0x00000000c0000000,0x00000000cb78e968,0x00000000cb800000)
 Metaspace       used 59674K, committed 60928K, reserved 1114112K
  class space    used 6497K, committed 6976K, reserved 1048576K
}
Event: 17.884 GC heap after
{Heap after GC invocations=139 (full 4):
 PSYoungGen      total 9216K, used 2043K [0x00000000eab00000, 0x00000000eb680000, 0x0000000100000000)
  eden space 7168K, 0% used [0x00000000eab00000,0x00000000eab00000,0x00000000eb200000)
  from space 2048K, 99% used [0x00000000eb280000,0x00000000eb47ec68,0x00000000eb480000)
  to   space 1536K, 0% used [0x00000000eb500000,0x00000000eb500000,0x00000000eb680000)
 ParOldGen       total 188928K, used 188465K [0x00000000c0000000, 0x00000000cb880000, 0x00000000eab00000)
  object space 188928K, 99% used [0x00000000c0000000,0x00000000cb80c760,0x00000000cb880000)
 Metaspace       used 59674K, committed 60928K, reserved 1114112K
  class space    used 6497K, committed 6976K, reserved 1048576K
}
Event: 17.909 GC heap before
{Heap before GC invocations=140 (full 4):
 PSYoungGen      total 9216K, used 9211K [0x00000000eab00000, 0x00000000eb680000, 0x0000000100000000)
  eden space 7168K, 100% used [0x00000000eab00000,0x00000000eb200000,0x00000000eb200000)
  from space 2048K, 99% used [0x00000000eb280000,0x00000000eb47ec68,0x00000000eb480000)
  to   space 1536K, 0% used [0x00000000eb500000,0x00000000eb500000,0x00000000eb680000)
 ParOldGen       total 188928K, used 188465K [0x00000000c0000000, 0x00000000cb880000, 0x00000000eab00000)
  object space 188928K, 99% used [0x00000000c0000000,0x00000000cb80c760,0x00000000cb880000)
 Metaspace       used 59674K, committed 60928K, reserved 1114112K
  class space    used 6497K, committed 6976K, reserved 1048576K
}
Event: 17.913 GC heap after
{Heap after GC invocations=140 (full 4):
 PSYoungGen      total 9216K, used 9211K [0x00000000eab00000, 0x00000000eb680000, 0x0000000100000000)
  eden space 7168K, 100% used [0x00000000eab00000,0x00000000eb200000,0x00000000eb200000)
  from space 2048K, 99% used [0x00000000eb280000,0x00000000eb47ec68,0x00000000eb480000)
  to   space 1536K, 98% used [0x00000000eb500000,0x00000000eb67a030,0x00000000eb680000)
 ParOldGen       total 190464K, used 190463K [0x00000000c0000000, 0x00000000cba00000, 0x00000000eab00000)
  object space 190464K, 99% used [0x00000000c0000000,0x00000000cb9fff18,0x00000000cba00000)
 Metaspace       used 59674K, committed 60928K, reserved 1114112K
  class space    used 6497K, committed 6976K, reserved 1048576K
}
Event: 17.913 GC heap before
{Heap before GC invocations=141 (full 5):
 PSYoungGen      total 9216K, used 9211K [0x00000000eab00000, 0x00000000eb680000, 0x0000000100000000)
  eden space 7168K, 100% used [0x00000000eab00000,0x00000000eb200000,0x00000000eb200000)
  from space 2048K, 99% used [0x00000000eb280000,0x00000000eb47ec68,0x00000000eb480000)
  to   space 1536K, 98% used [0x00000000eb500000,0x00000000eb67a030,0x00000000eb680000)
 ParOldGen       total 190464K, used 190463K [0x00000000c0000000, 0x00000000cba00000, 0x00000000eab00000)
  object space 190464K, 99% used [0x00000000c0000000,0x00000000cb9fff18,0x00000000cba00000)
 Metaspace       used 59674K, committed 60928K, reserved 1114112K
  class space    used 6497K, committed 6976K, reserved 1048576K
}

