# JRE version: OpenJDK Runtime Environment Temurin-21.0.6+7 (21.0.6+7) (build 21.0.6+7-LTS)
# Java VM: OpenJDK 64-Bit Server VM Temurin-21.0.6+7 (21.0.6+7-LTS, mixed mode, sharing, tiered, compressed oops, compressed class ptrs, g1 gc, windows-amd64)
GC Precious Log:
 CardTable entry size: 512
 Card Set container configuration: InlinePtr #cards 5 size 8 Array Of Cards #cards 12 size 40 Howl #buckets 4 coarsen threshold 1843 Howl Bitmap #cards 512 size 80 coarsen threshold 460 Card regions per heap region 1 cards per card region 2048
 CPUs: 12 total, 12 available
 Memory: 15773M
 Large Page Support: Disabled
 NUMA Support: Disabled
 Compressed Oops: Enabled (32-bit)
 Heap Region Size: 1M
 Heap Min Capacity: 8M
 Heap Initial Capacity: 248M
 Heap Max Capacity: 2G
 Pre-touch: Disabled
 Parallel Workers: 10
 Concurrent Workers: 3
 Concurrent Refinement Workers: 10
 Periodic GC: Disabled
Heap:
 garbage-first heap   total 133120K, used 123293K [0x0000000080000000, 0x0000000100000000)
  region size 1024K, 41 young (41984K), 5 survivors (5120K)
 Metaspace       used 82366K, committed 84672K, reserved 1179648K
  class space    used 11465K, committed 12608K, reserved 1048576K
GC Heap History (20 events):
Event: 31.656 GC heap before
{Heap before GC invocations=20 (full 0):
 garbage-first heap   total 108544K, used 98228K [0x0000000080000000, 0x0000000100000000)
  region size 1024K, 36 young (36864K), 1 survivors (1024K)
 Metaspace       used 58996K, committed 60864K, reserved 1114112K
  class space    used 8216K, committed 9152K, reserved 1048576K
}
Event: 31.659 GC heap after
{Heap after GC invocations=21 (full 0):
 garbage-first heap   total 108544K, used 64152K [0x0000000080000000, 0x0000000100000000)
  region size 1024K, 2 young (2048K), 2 survivors (2048K)
 Metaspace       used 58996K, committed 60864K, reserved 1114112K
  class space    used 8216K, committed 9152K, reserved 1048576K
}
Event: 42.352 GC heap before
{Heap before GC invocations=21 (full 0):
 garbage-first heap   total 108544K, used 99992K [0x0000000080000000, 0x0000000100000000)
  region size 1024K, 36 young (36864K), 2 survivors (2048K)
 Metaspace       used 62321K, committed 64192K, reserved 1114112K
  class space    used 8582K, committed 9536K, reserved 1048576K
}
Event: 42.356 GC heap after
{Heap after GC invocations=22 (full 0):
 garbage-first heap   total 108544K, used 66358K [0x0000000080000000, 0x0000000100000000)
  region size 1024K, 5 young (5120K), 5 survivors (5120K)
 Metaspace       used 62321K, committed 64192K, reserved 1114112K
  class space    used 8582K, committed 9536K, reserved 1048576K
}
Event: 42.829 GC heap before
{Heap before GC invocations=22 (full 0):
 garbage-first heap   total 108544K, used 86838K [0x0000000080000000, 0x0000000100000000)
  region size 1024K, 27 young (27648K), 5 survivors (5120K)
 Metaspace       used 64161K, committed 66112K, reserved 1114112K
  class space    used 8887K, committed 9856K, reserved 1048576K
}
Event: 42.834 GC heap after
{Heap after GC invocations=23 (full 0):
 garbage-first heap   total 108544K, used 68320K [0x0000000080000000, 0x0000000100000000)
  region size 1024K, 5 young (5120K), 5 survivors (5120K)
 Metaspace       used 64161K, committed 66112K, reserved 1114112K
  class space    used 8887K, committed 9856K, reserved 1048576K
}
Event: 43.262 GC heap before
{Heap before GC invocations=24 (full 0):
 garbage-first heap   total 122880K, used 100064K [0x0000000080000000, 0x0000000100000000)
  region size 1024K, 32 young (32768K), 5 survivors (5120K)
 Metaspace       used 65411K, committed 67392K, reserved 1114112K
  class space    used 9059K, committed 10048K, reserved 1048576K
}
Event: 43.268 GC heap after
{Heap after GC invocations=25 (full 0):
 garbage-first heap   total 122880K, used 71814K [0x0000000080000000, 0x0000000100000000)
  region size 1024K, 4 young (4096K), 4 survivors (4096K)
 Metaspace       used 65411K, committed 67392K, reserved 1114112K
  class space    used 9059K, committed 10048K, reserved 1048576K
}
Event: 43.871 GC heap before
{Heap before GC invocations=25 (full 0):
 garbage-first heap   total 122880K, used 106630K [0x0000000080000000, 0x0000000100000000)
  region size 1024K, 38 young (38912K), 4 survivors (4096K)
 Metaspace       used 67766K, committed 69824K, reserved 1114112K
  class space    used 9350K, committed 10368K, reserved 1048576K
}
Event: 43.877 GC heap after
{Heap after GC invocations=26 (full 0):
 garbage-first heap   total 122880K, used 72820K [0x0000000080000000, 0x0000000100000000)
  region size 1024K, 2 young (2048K), 2 survivors (2048K)
 Metaspace       used 67766K, committed 69824K, reserved 1114112K
  class space    used 9350K, committed 10368K, reserved 1048576K
}
Event: 44.304 GC heap before
{Heap before GC invocations=26 (full 0):
 garbage-first heap   total 122880K, used 108660K [0x0000000080000000, 0x0000000100000000)
  region size 1024K, 37 young (37888K), 2 survivors (2048K)
 Metaspace       used 68362K, committed 70400K, reserved 1114112K
  class space    used 9454K, committed 10496K, reserved 1048576K
}
Event: 44.308 GC heap after
{Heap after GC invocations=27 (full 0):
 garbage-first heap   total 122880K, used 75454K [0x0000000080000000, 0x0000000100000000)
  region size 1024K, 5 young (5120K), 5 survivors (5120K)
 Metaspace       used 68362K, committed 70400K, reserved 1114112K
  class space    used 9454K, committed 10496K, reserved 1048576K
}
Event: 44.889 GC heap before
{Heap before GC invocations=28 (full 0):
 garbage-first heap   total 128000K, used 109246K [0x0000000080000000, 0x0000000100000000)
  region size 1024K, 38 young (38912K), 5 survivors (5120K)
 Metaspace       used 70517K, committed 72640K, reserved 1114112K
  class space    used 9737K, committed 10816K, reserved 1048576K
}
Event: 44.893 GC heap after
{Heap after GC invocations=29 (full 0):
 garbage-first heap   total 128000K, used 77127K [0x0000000080000000, 0x0000000100000000)
  region size 1024K, 5 young (5120K), 5 survivors (5120K)
 Metaspace       used 70517K, committed 72640K, reserved 1114112K
  class space    used 9737K, committed 10816K, reserved 1048576K
}
Event: 45.545 GC heap before
{Heap before GC invocations=29 (full 0):
 garbage-first heap   total 128000K, used 116039K [0x0000000080000000, 0x0000000100000000)
  region size 1024K, 42 young (43008K), 5 survivors (5120K)
 Metaspace       used 73279K, committed 75392K, reserved 1114112K
  class space    used 10150K, committed 11200K, reserved 1048576K
}
Event: 45.550 GC heap after
{Heap after GC invocations=30 (full 0):
 garbage-first heap   total 128000K, used 77354K [0x0000000080000000, 0x0000000100000000)
  region size 1024K, 3 young (3072K), 3 survivors (3072K)
 Metaspace       used 73279K, committed 75392K, reserved 1114112K
  class space    used 10150K, committed 11200K, reserved 1048576K
}
Event: 46.268 GC heap before
{Heap before GC invocations=30 (full 0):
 garbage-first heap   total 128000K, used 116266K [0x0000000080000000, 0x0000000100000000)
  region size 1024K, 41 young (41984K), 3 survivors (3072K)
 Metaspace       used 76265K, committed 78336K, reserved 1179648K
  class space    used 10670K, committed 11712K, reserved 1048576K
}
Event: 46.274 GC heap after
{Heap after GC invocations=31 (full 0):
 garbage-first heap   total 128000K, used 78928K [0x0000000080000000, 0x0000000100000000)
  region size 1024K, 5 young (5120K), 5 survivors (5120K)
 Metaspace       used 76265K, committed 78336K, reserved 1179648K
  class space    used 10670K, committed 11712K, reserved 1048576K
}
Event: 47.077 GC heap before
{Heap before GC invocations=32 (full 0):
 garbage-first heap   total 133120K, used 113744K [0x0000000080000000, 0x0000000100000000)
  region size 1024K, 40 young (40960K), 5 survivors (5120K)
 Metaspace       used 78484K, committed 80576K, reserved 1179648K
  class space    used 10970K, committed 12032K, reserved 1048576K
}
Event: 47.086 GC heap after
{Heap after GC invocations=33 (full 0):
 garbage-first heap   total 133120K, used 82333K [0x0000000080000000, 0x0000000100000000)
  region size 1024K, 5 young (5120K), 5 survivors (5120K)
 Metaspace       used 78484K, committed 80576K, reserved 1179648K
  class space    used 10970K, committed 12032K, reserved 1048576K
}

