# JRE version: OpenJDK Runtime Environment Temurin-21.0.6+7 (21.0.6+7) (build 21.0.6+7-LTS)
# Java VM: OpenJDK 64-Bit Server VM Temurin-21.0.6+7 (21.0.6+7-LTS, mixed mode, sharing, tiered, compressed oops, compressed class ptrs, parallel gc, windows-amd64)
GC Precious Log:
 CardTable entry size: 512
 CPUs: 12 total, 12 available
 Memory: 15773M
 Large Page Support: Disabled
 NUMA Support: Disabled
 Compressed Oops: Enabled (32-bit)
 Alignments: Space 512K, Generation 512K, Heap 2M
 Heap Min Capacity: 100M
 Heap Initial Capacity: 100M
 Heap Max Capacity: 1G
 Pre-touch: Disabled
 Parallel Workers: 10
Heap:
 PSYoungGen      total 20480K, used 19219K [0x00000000eab00000, 0x00000000ec200000, 0x0000000100000000)
  eden space 18432K, 95% used [0x00000000eab00000,0x00000000ebc28d20,0x00000000ebd00000)
  from space 2048K, 80% used [0x00000000ebd00000,0x00000000ebe9c010,0x00000000ebf00000)
  to   space 2560K, 0% used [0x00000000ebf80000,0x00000000ebf80000,0x00000000ec200000)
 ParOldGen       total 68608K, used 34725K [0x00000000c0000000, 0x00000000c4300000, 0x00000000eab00000)
  object space 68608K, 50% used [0x00000000c0000000,0x00000000c21e9420,0x00000000c4300000)
 Metaspace       used 44657K, committed 45824K, reserved 1114112K
  class space    used 4373K, committed 4864K, reserved 1048576K
GC Heap History (20 events):
Event: 15.099 GC heap before
{Heap before GC invocations=18 (full 1):
 PSYoungGen      total 23040K, used 22592K [0x00000000eab00000, 0x00000000ec400000, 0x0000000100000000)
  eden space 20480K, 100% used [0x00000000eab00000,0x00000000ebf00000,0x00000000ebf00000)
  from space 2560K, 82% used [0x00000000ec180000,0x00000000ec390000,0x00000000ec400000)
  to   space 2560K, 0% used [0x00000000ebf00000,0x00000000ebf00000,0x00000000ec180000)
 ParOldGen       total 68608K, used 27536K [0x00000000c0000000, 0x00000000c4300000, 0x00000000eab00000)
  object space 68608K, 40% used [0x00000000c0000000,0x00000000c1ae4030,0x00000000c4300000)
 Metaspace       used 32827K, committed 33920K, reserved 1114112K
  class space    used 3278K, committed 3776K, reserved 1048576K
}
Event: 15.102 GC heap after
{Heap after GC invocations=18 (full 1):
 PSYoungGen      total 23040K, used 2040K [0x00000000eab00000, 0x00000000ec400000, 0x0000000100000000)
  eden space 20480K, 0% used [0x00000000eab00000,0x00000000eab00000,0x00000000ebf00000)
  from space 2560K, 79% used [0x00000000ebf00000,0x00000000ec0fe200,0x00000000ec180000)
  to   space 2560K, 0% used [0x00000000ec180000,0x00000000ec180000,0x00000000ec400000)
 ParOldGen       total 68608K, used 29496K [0x00000000c0000000, 0x00000000c4300000, 0x00000000eab00000)
  object space 68608K, 42% used [0x00000000c0000000,0x00000000c1cce030,0x00000000c4300000)
 Metaspace       used 32827K, committed 33920K, reserved 1114112K
  class space    used 3278K, committed 3776K, reserved 1048576K
}
Event: 15.419 GC heap before
{Heap before GC invocations=19 (full 1):
 PSYoungGen      total 23040K, used 21608K [0x00000000eab00000, 0x00000000ec400000, 0x0000000100000000)
  eden space 20480K, 95% used [0x00000000eab00000,0x00000000ebe1be48,0x00000000ebf00000)
  from space 2560K, 79% used [0x00000000ebf00000,0x00000000ec0fe200,0x00000000ec180000)
  to   space 2560K, 0% used [0x00000000ec180000,0x00000000ec180000,0x00000000ec400000)
 ParOldGen       total 68608K, used 29496K [0x00000000c0000000, 0x00000000c4300000, 0x00000000eab00000)
  object space 68608K, 42% used [0x00000000c0000000,0x00000000c1cce030,0x00000000c4300000)
 Metaspace       used 34680K, committed 35840K, reserved 1114112K
  class space    used 3493K, committed 4032K, reserved 1048576K
}
Event: 15.423 GC heap after
{Heap after GC invocations=19 (full 1):
 PSYoungGen      total 22016K, used 1192K [0x00000000eab00000, 0x00000000ec300000, 0x0000000100000000)
  eden space 20480K, 0% used [0x00000000eab00000,0x00000000eab00000,0x00000000ebf00000)
  from space 1536K, 77% used [0x00000000ec180000,0x00000000ec2aa048,0x00000000ec300000)
  to   space 1536K, 0% used [0x00000000ec000000,0x00000000ec000000,0x00000000ec180000)
 ParOldGen       total 68608K, used 31381K [0x00000000c0000000, 0x00000000c4300000, 0x00000000eab00000)
  object space 68608K, 45% used [0x00000000c0000000,0x00000000c1ea5588,0x00000000c4300000)
 Metaspace       used 34680K, committed 35840K, reserved 1114112K
  class space    used 3493K, committed 4032K, reserved 1048576K
}
Event: 15.423 GC heap before
{Heap before GC invocations=20 (full 2):
 PSYoungGen      total 22016K, used 1192K [0x00000000eab00000, 0x00000000ec300000, 0x0000000100000000)
  eden space 20480K, 0% used [0x00000000eab00000,0x00000000eab00000,0x00000000ebf00000)
  from space 1536K, 77% used [0x00000000ec180000,0x00000000ec2aa048,0x00000000ec300000)
  to   space 1536K, 0% used [0x00000000ec000000,0x00000000ec000000,0x00000000ec180000)
 ParOldGen       total 68608K, used 31381K [0x00000000c0000000, 0x00000000c4300000, 0x00000000eab00000)
  object space 68608K, 45% used [0x00000000c0000000,0x00000000c1ea5588,0x00000000c4300000)
 Metaspace       used 34680K, committed 35840K, reserved 1114112K
  class space    used 3493K, committed 4032K, reserved 1048576K
}
Event: 15.486 GC heap after
{Heap after GC invocations=20 (full 2):
 PSYoungGen      total 22016K, used 0K [0x00000000eab00000, 0x00000000ec300000, 0x0000000100000000)
  eden space 20480K, 0% used [0x00000000eab00000,0x00000000eab00000,0x00000000ebf00000)
  from space 1536K, 0% used [0x00000000ec180000,0x00000000ec180000,0x00000000ec300000)
  to   space 1536K, 0% used [0x00000000ec000000,0x00000000ec000000,0x00000000ec180000)
 ParOldGen       total 68608K, used 29843K [0x00000000c0000000, 0x00000000c4300000, 0x00000000eab00000)
  object space 68608K, 43% used [0x00000000c0000000,0x00000000c1d24ce0,0x00000000c4300000)
 Metaspace       used 34279K, committed 35840K, reserved 1114112K
  class space    used 3380K, committed 4032K, reserved 1048576K
}
Event: 15.633 GC heap before
{Heap before GC invocations=21 (full 2):
 PSYoungGen      total 22016K, used 20480K [0x00000000eab00000, 0x00000000ec300000, 0x0000000100000000)
  eden space 20480K, 100% used [0x00000000eab00000,0x00000000ebf00000,0x00000000ebf00000)
  from space 1536K, 0% used [0x00000000ec180000,0x00000000ec180000,0x00000000ec300000)
  to   space 1536K, 0% used [0x00000000ec000000,0x00000000ec000000,0x00000000ec180000)
 ParOldGen       total 68608K, used 29843K [0x00000000c0000000, 0x00000000c4300000, 0x00000000eab00000)
  object space 68608K, 43% used [0x00000000c0000000,0x00000000c1d24ce0,0x00000000c4300000)
 Metaspace       used 34811K, committed 36032K, reserved 1114112K
  class space    used 3411K, committed 4032K, reserved 1048576K
}
Event: 15.635 GC heap after
{Heap after GC invocations=21 (full 2):
 PSYoungGen      total 22016K, used 1525K [0x00000000eab00000, 0x00000000ec300000, 0x0000000100000000)
  eden space 20480K, 0% used [0x00000000eab00000,0x00000000eab00000,0x00000000ebf00000)
  from space 1536K, 99% used [0x00000000ec000000,0x00000000ec17d4c8,0x00000000ec180000)
  to   space 1536K, 0% used [0x00000000ec180000,0x00000000ec180000,0x00000000ec300000)
 ParOldGen       total 68608K, used 30081K [0x00000000c0000000, 0x00000000c4300000, 0x00000000eab00000)
  object space 68608K, 43% used [0x00000000c0000000,0x00000000c1d60740,0x00000000c4300000)
 Metaspace       used 34811K, committed 36032K, reserved 1114112K
  class space    used 3411K, committed 4032K, reserved 1048576K
}
Event: 15.718 GC heap before
{Heap before GC invocations=22 (full 2):
 PSYoungGen      total 22016K, used 22005K [0x00000000eab00000, 0x00000000ec300000, 0x0000000100000000)
  eden space 20480K, 100% used [0x00000000eab00000,0x00000000ebf00000,0x00000000ebf00000)
  from space 1536K, 99% used [0x00000000ec000000,0x00000000ec17d4c8,0x00000000ec180000)
  to   space 1536K, 0% used [0x00000000ec180000,0x00000000ec180000,0x00000000ec300000)
 ParOldGen       total 68608K, used 30081K [0x00000000c0000000, 0x00000000c4300000, 0x00000000eab00000)
  object space 68608K, 43% used [0x00000000c0000000,0x00000000c1d60740,0x00000000c4300000)
 Metaspace       used 35657K, committed 36736K, reserved 1114112K
  class space    used 3491K, committed 4032K, reserved 1048576K
}
Event: 15.720 GC heap after
{Heap after GC invocations=22 (full 2):
 PSYoungGen      total 20992K, used 223K [0x00000000eab00000, 0x00000000ec200000, 0x0000000100000000)
  eden space 20480K, 0% used [0x00000000eab00000,0x00000000eab00000,0x00000000ebf00000)
  from space 512K, 43% used [0x00000000ec180000,0x00000000ec1b7f60,0x00000000ec200000)
  to   space 1024K, 0% used [0x00000000ec000000,0x00000000ec000000,0x00000000ec100000)
 ParOldGen       total 68608K, used 30217K [0x00000000c0000000, 0x00000000c4300000, 0x00000000eab00000)
  object space 68608K, 44% used [0x00000000c0000000,0x00000000c1d82740,0x00000000c4300000)
 Metaspace       used 35657K, committed 36736K, reserved 1114112K
  class space    used 3491K, committed 4032K, reserved 1048576K
}
Event: 16.176 GC heap before
{Heap before GC invocations=23 (full 2):
 PSYoungGen      total 20992K, used 20697K [0x00000000eab00000, 0x00000000ec200000, 0x0000000100000000)
  eden space 20480K, 99% used [0x00000000eab00000,0x00000000ebefe618,0x00000000ebf00000)
  from space 512K, 43% used [0x00000000ec180000,0x00000000ec1b7f60,0x00000000ec200000)
  to   space 1024K, 0% used [0x00000000ec000000,0x00000000ec000000,0x00000000ec100000)
 ParOldGen       total 68608K, used 30217K [0x00000000c0000000, 0x00000000c4300000, 0x00000000eab00000)
  object space 68608K, 44% used [0x00000000c0000000,0x00000000c1d82740,0x00000000c4300000)
 Metaspace       used 36840K, committed 37696K, reserved 1114112K
  class space    used 3639K, committed 4032K, reserved 1048576K
}
Event: 16.178 GC heap after
{Heap after GC invocations=23 (full 2):
 PSYoungGen      total 21504K, used 512K [0x00000000eab00000, 0x00000000ec200000, 0x0000000100000000)
  eden space 20480K, 0% used [0x00000000eab00000,0x00000000eab00000,0x00000000ebf00000)
  from space 1024K, 50% used [0x00000000ec000000,0x00000000ec080000,0x00000000ec100000)
  to   space 1024K, 0% used [0x00000000ec100000,0x00000000ec100000,0x00000000ec200000)
 ParOldGen       total 68608K, used 30265K [0x00000000c0000000, 0x00000000c4300000, 0x00000000eab00000)
  object space 68608K, 44% used [0x00000000c0000000,0x00000000c1d8e740,0x00000000c4300000)
 Metaspace       used 36840K, committed 37696K, reserved 1114112K
  class space    used 3639K, committed 4032K, reserved 1048576K
}
Event: 16.501 GC heap before
{Heap before GC invocations=24 (full 2):
 PSYoungGen      total 21504K, used 20992K [0x00000000eab00000, 0x00000000ec200000, 0x0000000100000000)
  eden space 20480K, 100% used [0x00000000eab00000,0x00000000ebf00000,0x00000000ebf00000)
  from space 1024K, 50% used [0x00000000ec000000,0x00000000ec080000,0x00000000ec100000)
  to   space 1024K, 0% used [0x00000000ec100000,0x00000000ec100000,0x00000000ec200000)
 ParOldGen       total 68608K, used 30265K [0x00000000c0000000, 0x00000000c4300000, 0x00000000eab00000)
  object space 68608K, 44% used [0x00000000c0000000,0x00000000c1d8e740,0x00000000c4300000)
 Metaspace       used 38205K, committed 39232K, reserved 1114112K
  class space    used 3770K, committed 4224K, reserved 1048576K
}
Event: 16.503 GC heap after
{Heap after GC invocations=24 (full 2):
 PSYoungGen      total 21504K, used 1024K [0x00000000eab00000, 0x00000000ec300000, 0x0000000100000000)
  eden space 20480K, 0% used [0x00000000eab00000,0x00000000eab00000,0x00000000ebf00000)
  from space 1024K, 100% used [0x00000000ec100000,0x00000000ec200000,0x00000000ec200000)
  to   space 2048K, 0% used [0x00000000ebf00000,0x00000000ebf00000,0x00000000ec100000)
 ParOldGen       total 68608K, used 30809K [0x00000000c0000000, 0x00000000c4300000, 0x00000000eab00000)
  object space 68608K, 44% used [0x00000000c0000000,0x00000000c1e16780,0x00000000c4300000)
 Metaspace       used 38205K, committed 39232K, reserved 1114112K
  class space    used 3770K, committed 4224K, reserved 1048576K
}
Event: 16.884 GC heap before
{Heap before GC invocations=25 (full 2):
 PSYoungGen      total 21504K, used 21504K [0x00000000eab00000, 0x00000000ec300000, 0x0000000100000000)
  eden space 20480K, 100% used [0x00000000eab00000,0x00000000ebf00000,0x00000000ebf00000)
  from space 1024K, 100% used [0x00000000ec100000,0x00000000ec200000,0x00000000ec200000)
  to   space 2048K, 0% used [0x00000000ebf00000,0x00000000ebf00000,0x00000000ec100000)
 ParOldGen       total 68608K, used 30809K [0x00000000c0000000, 0x00000000c4300000, 0x00000000eab00000)
  object space 68608K, 44% used [0x00000000c0000000,0x00000000c1e16780,0x00000000c4300000)
 Metaspace       used 39649K, committed 40704K, reserved 1114112K
  class space    used 3919K, committed 4416K, reserved 1048576K
}
Event: 16.886 GC heap after
{Heap after GC invocations=25 (full 2):
 PSYoungGen      total 21504K, used 576K [0x00000000eab00000, 0x00000000ec180000, 0x0000000100000000)
  eden space 20480K, 0% used [0x00000000eab00000,0x00000000eab00000,0x00000000ebf00000)
  from space 1024K, 56% used [0x00000000ebf00000,0x00000000ebf90000,0x00000000ec000000)
  to   space 1024K, 0% used [0x00000000ec080000,0x00000000ec080000,0x00000000ec180000)
 ParOldGen       total 68608K, used 31844K [0x00000000c0000000, 0x00000000c4300000, 0x00000000eab00000)
  object space 68608K, 46% used [0x00000000c0000000,0x00000000c1f193e0,0x00000000c4300000)
 Metaspace       used 39649K, committed 40704K, reserved 1114112K
  class space    used 3919K, committed 4416K, reserved 1048576K
}
Event: 17.331 GC heap before
{Heap before GC invocations=26 (full 2):
 PSYoungGen      total 21504K, used 21021K [0x00000000eab00000, 0x00000000ec180000, 0x0000000100000000)
  eden space 20480K, 99% used [0x00000000eab00000,0x00000000ebef7780,0x00000000ebf00000)
  from space 1024K, 56% used [0x00000000ebf00000,0x00000000ebf90000,0x00000000ec000000)
  to   space 1024K, 0% used [0x00000000ec080000,0x00000000ec080000,0x00000000ec180000)
 ParOldGen       total 68608K, used 31844K [0x00000000c0000000, 0x00000000c4300000, 0x00000000eab00000)
  object space 68608K, 46% used [0x00000000c0000000,0x00000000c1f193e0,0x00000000c4300000)
 Metaspace       used 42183K, committed 43200K, reserved 1114112K
  class space    used 4161K, committed 4608K, reserved 1048576K
}
Event: 17.335 GC heap after
{Heap after GC invocations=26 (full 2):
 PSYoungGen      total 19456K, used 995K [0x00000000eab00000, 0x00000000ec600000, 0x0000000100000000)
  eden space 18432K, 0% used [0x00000000eab00000,0x00000000eab00000,0x00000000ebd00000)
  from space 1024K, 97% used [0x00000000ec080000,0x00000000ec178e08,0x00000000ec180000)
  to   space 3584K, 0% used [0x00000000ebd00000,0x00000000ebd00000,0x00000000ec080000)
 ParOldGen       total 68608K, used 33741K [0x00000000c0000000, 0x00000000c4300000, 0x00000000eab00000)
  object space 68608K, 49% used [0x00000000c0000000,0x00000000c20f3520,0x00000000c4300000)
 Metaspace       used 42183K, committed 43200K, reserved 1114112K
  class space    used 4161K, committed 4608K, reserved 1048576K
}
Event: 18.249 GC heap before
{Heap before GC invocations=27 (full 2):
 PSYoungGen      total 19456K, used 19427K [0x00000000eab00000, 0x00000000ec600000, 0x0000000100000000)
  eden space 18432K, 100% used [0x00000000eab00000,0x00000000ebd00000,0x00000000ebd00000)
  from space 1024K, 97% used [0x00000000ec080000,0x00000000ec178e08,0x00000000ec180000)
  to   space 3584K, 0% used [0x00000000ebd00000,0x00000000ebd00000,0x00000000ec080000)
 ParOldGen       total 68608K, used 33741K [0x00000000c0000000, 0x00000000c4300000, 0x00000000eab00000)
  object space 68608K, 49% used [0x00000000c0000000,0x00000000c20f3520,0x00000000c4300000)
 Metaspace       used 43685K, committed 44864K, reserved 1114112K
  class space    used 4301K, committed 4800K, reserved 1048576K
}
Event: 18.253 GC heap after
{Heap after GC invocations=27 (full 2):
 PSYoungGen      total 20480K, used 1648K [0x00000000eab00000, 0x00000000ec200000, 0x0000000100000000)
  eden space 18432K, 0% used [0x00000000eab00000,0x00000000eab00000,0x00000000ebd00000)
  from space 2048K, 80% used [0x00000000ebd00000,0x00000000ebe9c010,0x00000000ebf00000)
  to   space 2560K, 0% used [0x00000000ebf80000,0x00000000ebf80000,0x00000000ec200000)
 ParOldGen       total 68608K, used 34725K [0x00000000c0000000, 0x00000000c4300000, 0x00000000eab00000)
  object space 68608K, 50% used [0x00000000c0000000,0x00000000c21e9420,0x00000000c4300000)
 Metaspace       used 43685K, committed 44864K, reserved 1114112K
  class space    used 4301K, committed 4800K, reserved 1048576K
}

